[ 2015-05-02T22:06:34+08:00 ] 127.0.0.1 /6666/index.php
NOTIC: [8] Use of undefined constant HTTP_CLIENT_IP - assumed 'HTTP_CLIENT_IP' E:\wamp\www\6666\Application\Common\Common\function.php 第 821 行.
NOTIC: [8] Use of undefined constant HTTP_X_FORWARDED_FOR - assumed 'HTTP_X_FORWARDED_FOR' E:\wamp\www\6666\Application\Common\Common\function.php 第 823 行.
NOTIC: [8] Use of undefined constant REMOTE_ADDR - assumed 'REMOTE_ADDR' E:\wamp\www\6666\Application\Common\Common\function.php 第 825 行.
NOTIC: [8] Use of undefined constant REMOTE_ADDR - assumed 'REMOTE_ADDR' E:\wamp\www\6666\Application\Common\Common\function.php 第 825 行.
NOTIC: [8] Use of undefined constant unknown - assumed 'unknown' E:\wamp\www\6666\Application\Common\Common\function.php 第 825 行.
NOTIC: [8] Use of undefined constant REMOTE_ADDR - assumed 'REMOTE_ADDR' E:\wamp\www\6666\Application\Common\Common\function.php 第 826 行.
SQL: SHOW COLUMNS FROM `yershop_records` [ RunTime:0.0323s ]
SQL: SELECT * FROM `yershop_records` WHERE ( ip='127.0.0.1' and tag='1' and page='index' )  [ RunTime:0.0019s ]
SQL: INSERT INTO `yershop_records` (`ip`,`country`,`province`,`city`,`isp`,`tag`,`page`,`time`,`referer`,`url`) VALUES ('127.0.0.1','未分配或者内网IP','','','','1','index','1430575592','http://localhost/6666/install.php/Index/complete.html','localhost/6666/index.php') [ RunTime:0.0023s ]
SQL: SHOW COLUMNS FROM `yershop_category` [ RunTime:0.0710s ]
SQL: SHOW COLUMNS FROM `yershop_category` [ RunTime:0.0709s ]
SQL: SELECT `id`,`name`,`pid`,`title` FROM `yershop_category` WHERE ( display="1"and ismenu="1"  ) ORDER BY sort desc  [ RunTime:0.0022s ]
SQL: SHOW COLUMNS FROM `yershop_document` [ RunTime:0.0591s ]
SQL: SHOW COLUMNS FROM `yershop_category` [ RunTime:0.0474s ]
SQL: SELECT `id` FROM `yershop_category` WHERE ( display=1 and pid=0 )  [ RunTime:0.0020s ]
SQL: SHOW COLUMNS FROM `yershop_slide` [ RunTime:0.0293s ]
SQL: SELECT * FROM `yershop_slide` WHERE ( status=1 )  [ RunTime:0.0016s ]
SQL: SHOW COLUMNS FROM `yershop_document_product` [ RunTime:0.0323s ]
SQL: SELECT * FROM `yershop_document_product` WHERE ( mark="2" ) ORDER BY id desc LIMIT 6   [ RunTime:0.0017s ]
SQL: SELECT * FROM `yershop_document_product` ORDER BY id desc LIMIT 6   [ RunTime:0.0024s ]
SQL: SHOW COLUMNS FROM `yershop_document` [ RunTime:0.0331s ]
SQL: SELECT * FROM `yershop_document` ORDER BY sale desc LIMIT 6   [ RunTime:0.0021s ]
SQL: SELECT * FROM `yershop_document` WHERE ( position="4" )  [ RunTime:0.0017s ]
SQL: SHOW COLUMNS FROM `yershop_config` [ RunTime:0.0398s ]
SQL: SELECT `value` FROM `yershop_config` WHERE ( id="40" ) LIMIT 1   [ RunTime:0.0021s ]
SQL: SHOW COLUMNS FROM `yershop_shopcart` [ RunTime:0.0549s ]
SQL: SHOW COLUMNS FROM `yershop_member` [ RunTime:0.0404s ]
SQL: SELECT * FROM `yershop_shopcart` WHERE `uid` = null  [ RunTime:0.0025s ]
NOTIC: [8] Undefined index: cart E:\wamp\www\6666\Application\Home\Controller\IndexController.class.php 第 59 行.
SQL: SELECT `type`,`name`,`value` FROM `yershop_config` WHERE `status` = 1  [ RunTime:0.0020s ]
SQL: SELECT * FROM `yershop_category` WHERE ( ismenu='2' and pid='0' ) ORDER BY id asc  [ RunTime:0.0029s ]
SQL: SELECT * FROM `yershop_category` WHERE ( pid='77' )  [ RunTime:0.0017s ]
SQL: SELECT * FROM `yershop_category` WHERE ( pid='133' )  [ RunTime:0.0016s ]
SQL: SELECT * FROM `yershop_category` WHERE ( pid='137' )  [ RunTime:0.0016s ]
SQL: SELECT * FROM `yershop_category` WHERE ( pid='141' )  [ RunTime:0.0016s ]
SQL: SELECT `id`,`name`,`title`,`pid`,`sort`,`list_row`,`meta_title`,`keywords`,`description`,`template_index`,`template_lists`,`template_detail`,`template_edit`,`model`,`model_sub`,`type`,`link_id`,`allow_publish`,`display`,`reply`,`check`,`reply_model`,`extend`,`create_time`,`update_time`,`status`,`icon`,`ismenu` FROM `yershop_category` WHERE `status` = 1 AND `ismenu` = 1 ORDER BY sort desc  [ RunTime:0.0046s ]
SQL: SHOW COLUMNS FROM `yershop_document` [ RunTime:0.0409s ]
SQL: SELECT * FROM `yershop_document` WHERE `category_id` IN (52,58,124,57,126) AND `status` = 1 ORDER BY id desc LIMIT 10   [ RunTime:0.0027s ]
SQL: SELECT * FROM `yershop_document` WHERE `category_id` IN (107,104,110,105,109) AND `status` = 1 ORDER BY id desc LIMIT 10   [ RunTime:0.0025s ]
NOTIC: [8] Undefined index: _ E:\wamp\www\6666\Application\Home\Controller\IndexController.class.php 第 164 行.
NOTIC: [2] Invalid argument supplied for foreach() E:\wamp\www\6666\Application\Home\Controller\IndexController.class.php 第 164 行.
NOTIC: [8] Undefined index: _ E:\wamp\www\6666\Application\Home\Controller\IndexController.class.php 第 164 行.
NOTIC: [2] Invalid argument supplied for foreach() E:\wamp\www\6666\Application\Home\Controller\IndexController.class.php 第 164 行.
SQL: SELECT * FROM `yershop_document` WHERE `category_id` IN (75,115,116,129,117,118,123,119) AND `status` = 1 ORDER BY id desc LIMIT 10   [ RunTime:0.0027s ]
SQL: SELECT * FROM `yershop_document` WHERE `category_id` IN (71,81,82,83,84,86,87,88) AND `status` = 1 ORDER BY id desc LIMIT 10   [ RunTime:0.0036s ]
SQL: SELECT * FROM `yershop_document` WHERE `category_id` IN (72,92,93,94,96,99,100,101) AND `status` = 1 ORDER BY id desc LIMIT 10   [ RunTime:0.0026s ]
SQL: SELECT * FROM `yershop_document` WHERE `category_id` IN (73,97,98,102,103) AND `status` = 1 ORDER BY id desc LIMIT 10   [ RunTime:0.0022s ]
NOTIC: [8] Undefined index: _ E:\wamp\www\6666\Application\Home\Controller\IndexController.class.php 第 164 行.
NOTIC: [2] Invalid argument supplied for foreach() E:\wamp\www\6666\Application\Home\Controller\IndexController.class.php 第 164 行.
SQL: SELECT * FROM `yershop_document` WHERE `category_id` IN (76,120,121,122) AND `status` = 1 ORDER BY id desc LIMIT 10   [ RunTime:0.0044s ]
SQL: SELECT * FROM `yershop_document` WHERE `category_id` IN (90,106,108) AND `status` = 1 ORDER BY id desc LIMIT 10   [ RunTime:0.0017s ]
SQL: SELECT * FROM `yershop_document` WHERE `category_id` IN (111,112,114) AND `status` = 1 ORDER BY id desc LIMIT 10   [ RunTime:0.0023s ]
INFO: [ view_parse ] --START--
INFO: [ template_filter ] --START--
INFO: Run Behavior\ContentReplaceBehavior [ RunTime:0.000910s ]
INFO: [ template_filter ] --END-- [ RunTime:0.001127s ]
SQL: SHOW COLUMNS FROM `yershop_channel` [ RunTime:0.0487s ]
SQL: SELECT `id`,`pid`,`title`,`url`,`sort`,`create_time`,`update_time`,`status`,`target` FROM `yershop_channel` WHERE ( status=1 ) ORDER BY sort  [ RunTime:0.0016s ]
SQL: SHOW COLUMNS FROM `yershop_picture` [ RunTime:0.0290s ]
SQL: SELECT * FROM `yershop_picture` WHERE `status` = 1 AND `id` = 50 LIMIT 1   [ RunTime:0.0013s ]
SQL: SELECT * FROM `yershop_picture` WHERE `status` = 1 AND `id` = 49 LIMIT 1   [ RunTime:0.0010s ]
SQL: SELECT * FROM `yershop_picture` WHERE `status` = 1 AND `id` = 34 LIMIT 1   [ RunTime:0.0025s ]
SQL: SELECT * FROM `yershop_picture` WHERE `status` = 1 AND `id` = 48 LIMIT 1   [ RunTime:0.0020s ]
SQL: SELECT * FROM `yershop_picture` WHERE `status` = 1 AND `id` = 33 LIMIT 1   [ RunTime:0.0018s ]
SQL: SELECT `id`,`name`,`title`,`pid`,`sort`,`list_row`,`meta_title`,`keywords`,`description`,`template_index`,`template_lists`,`template_detail`,`template_edit`,`model`,`model_sub`,`type`,`link_id`,`allow_publish`,`display`,`reply`,`check`,`reply_model`,`extend`,`create_time`,`update_time`,`status`,`icon`,`ismenu` FROM `yershop_category` WHERE `id` = 56 LIMIT 1   [ RunTime:0.0015s ]
SQL: SELECT `id`,`name`,`pid`,`title`,`link_id` FROM `yershop_category` WHERE `status` = 1 AND `ismenu` = 1 ORDER BY sort desc  [ RunTime:0.0019s ]
SQL: SELECT `id`,`uid`,`name`,`title`,`category_id`,`description`,`root`,`pid`,`model_id`,`type`,`position`,`link_id`,`cover_id`,`display`,`deadline`,`attach`,`view`,`comment`,`extend`,`level`,`create_time`,`update_time`,`status`,`price`,`tuan_price`,`qg_price`,`ms_price`,`brand`,`sale`,`percent` FROM `yershop_document` WHERE `status` = 1 AND `pid` = 0 AND `category_id` IN ('in','56','56') AND `create_time` < 1430575592 AND ( deadline = 0 OR deadline > 1430575592 ) ORDER BY `level` DESC,`id` DESC LIMIT 0,10   [ RunTime:0.0018s ]
NOTIC: [8] Undefined variable: article E:\wamp\www\6666\Runtime\Cache\Home\769e70f2e46f34ceb60619bbda5e4691.php 第 323 行.
SQL: SELECT * FROM `yershop_picture` WHERE `status` = 1 AND `id` = 85 LIMIT 1   [ RunTime:0.0011s ]
SQL: SELECT * FROM `yershop_picture` WHERE `status` = 1 AND `id` = 66 LIMIT 1   [ RunTime:0.0012s ]
NOTIC: [8] Undefined variable: v E:\wamp\www\6666\Runtime\Cache\Home\769e70f2e46f34ceb60619bbda5e4691.php 第 357 行.
SQL: SELECT * FROM `yershop_document_product` WHERE `id` = null LIMIT 1   [ RunTime:0.0011s ]
SQL: SELECT * FROM `yershop_picture` WHERE `status` = 1 AND `id` = 23 LIMIT 1   [ RunTime:0.0011s ]
NOTIC: [8] Undefined variable: v E:\wamp\www\6666\Runtime\Cache\Home\769e70f2e46f34ceb60619bbda5e4691.php 第 357 行.
SQL: SELECT * FROM `yershop_document_product` WHERE `id` = null LIMIT 1   [ RunTime:0.0014s ]
SQL: SELECT * FROM `yershop_picture` WHERE `status` = 1 AND `id` = 24 LIMIT 1   [ RunTime:0.0016s ]
NOTIC: [8] Undefined variable: v E:\wamp\www\6666\Runtime\Cache\Home\769e70f2e46f34ceb60619bbda5e4691.php 第 357 行.
SQL: SELECT * FROM `yershop_document_product` WHERE `id` = null LIMIT 1   [ RunTime:0.0013s ]
SQL: SELECT * FROM `yershop_picture` WHERE `status` = 1 AND `id` = 21 LIMIT 1   [ RunTime:0.0012s ]
NOTIC: [8] Undefined variable: v E:\wamp\www\6666\Runtime\Cache\Home\769e70f2e46f34ceb60619bbda5e4691.php 第 357 行.
SQL: SELECT * FROM `yershop_document_product` WHERE `id` = null LIMIT 1   [ RunTime:0.0011s ]
SQL: SELECT * FROM `yershop_picture` WHERE `status` = 1 AND `id` = 20 LIMIT 1   [ RunTime:0.0011s ]
NOTIC: [8] Undefined variable: v E:\wamp\www\6666\Runtime\Cache\Home\769e70f2e46f34ceb60619bbda5e4691.php 第 357 行.
SQL: SELECT * FROM `yershop_document_product` WHERE `id` = null LIMIT 1   [ RunTime:0.0011s ]
SQL: SELECT * FROM `yershop_picture` WHERE `status` = 1 AND `id` = 17 LIMIT 1   [ RunTime:0.0012s ]
NOTIC: [8] Undefined variable: v E:\wamp\www\6666\Runtime\Cache\Home\769e70f2e46f34ceb60619bbda5e4691.php 第 357 行.
SQL: SELECT * FROM `yershop_document_product` WHERE `id` = null LIMIT 1   [ RunTime:0.0030s ]
SQL: SELECT * FROM `yershop_picture` WHERE `status` = 1 AND `id` = 9 LIMIT 1   [ RunTime:0.0014s ]
NOTIC: [8] Undefined variable: v E:\wamp\www\6666\Runtime\Cache\Home\769e70f2e46f34ceb60619bbda5e4691.php 第 357 行.
SQL: SELECT * FROM `yershop_document_product` WHERE `id` = null LIMIT 1   [ RunTime:0.0013s ]
SQL: SELECT * FROM `yershop_picture` WHERE `status` = 1 AND `id` = 7 LIMIT 1   [ RunTime:0.0013s ]
NOTIC: [8] Undefined variable: v E:\wamp\www\6666\Runtime\Cache\Home\769e70f2e46f34ceb60619bbda5e4691.php 第 357 行.
SQL: SELECT * FROM `yershop_document_product` WHERE `id` = null LIMIT 1   [ RunTime:0.0015s ]
SQL: SELECT * FROM `yershop_picture` WHERE `status` = 1 AND `id` = 15 LIMIT 1   [ RunTime:0.0021s ]
NOTIC: [8] Undefined variable: v E:\wamp\www\6666\Runtime\Cache\Home\769e70f2e46f34ceb60619bbda5e4691.php 第 357 行.
SQL: SELECT * FROM `yershop_document_product` WHERE `id` = null LIMIT 1   [ RunTime:0.0014s ]
SQL: SELECT * FROM `yershop_picture` WHERE `status` = 1 AND `id` = 87 LIMIT 1   [ RunTime:0.0015s ]
SQL: SELECT * FROM `yershop_picture` WHERE `status` = 1 AND `id` = 110 LIMIT 1   [ RunTime:0.0013s ]
NOTIC: [8] Undefined variable: v E:\wamp\www\6666\Runtime\Cache\Home\769e70f2e46f34ceb60619bbda5e4691.php 第 357 行.
SQL: SELECT * FROM `yershop_document_product` WHERE `id` = null LIMIT 1   [ RunTime:0.0012s ]
SQL: SELECT * FROM `yershop_picture` WHERE `status` = 1 AND `id` = 108 LIMIT 1   [ RunTime:0.0010s ]
NOTIC: [8] Undefined variable: v E:\wamp\www\6666\Runtime\Cache\Home\769e70f2e46f34ceb60619bbda5e4691.php 第 357 行.
SQL: SELECT * FROM `yershop_document_product` WHERE `id` = null LIMIT 1   [ RunTime:0.0017s ]
SQL: SELECT * FROM `yershop_picture` WHERE `status` = 1 AND `id` = 107 LIMIT 1   [ RunTime:0.0012s ]
NOTIC: [8] Undefined variable: v E:\wamp\www\6666\Runtime\Cache\Home\769e70f2e46f34ceb60619bbda5e4691.php 第 357 行.
SQL: SELECT * FROM `yershop_document_product` WHERE `id` = null LIMIT 1   [ RunTime:0.0015s ]
SQL: SELECT * FROM `yershop_picture` WHERE `status` = 1 AND `id` = 105 LIMIT 1   [ RunTime:0.0015s ]
NOTIC: [8] Undefined variable: v E:\wamp\www\6666\Runtime\Cache\Home\769e70f2e46f34ceb60619bbda5e4691.php 第 357 行.
SQL: SELECT * FROM `yershop_document_product` WHERE `id` = null LIMIT 1   [ RunTime:0.0014s ]
SQL: SELECT * FROM `yershop_picture` WHERE `status` = 1 AND `id` = 104 LIMIT 1   [ RunTime:0.0012s ]
NOTIC: [8] Undefined variable: v E:\wamp\www\6666\Runtime\Cache\Home\769e70f2e46f34ceb60619bbda5e4691.php 第 357 行.
SQL: SELECT * FROM `yershop_document_product` WHERE `id` = null LIMIT 1   [ RunTime:0.0013s ]
SQL: SELECT * FROM `yershop_picture` WHERE `status` = 1 AND `id` = 91 LIMIT 1   [ RunTime:0.0012s ]
NOTIC: [8] Undefined variable: v E:\wamp\www\6666\Runtime\Cache\Home\769e70f2e46f34ceb60619bbda5e4691.php 第 357 行.
SQL: SELECT * FROM `yershop_document_product` WHERE `id` = null LIMIT 1   [ RunTime:0.0011s ]
SQL: SELECT * FROM `yershop_picture` WHERE `status` = 1 AND `id` = 103 LIMIT 1   [ RunTime:0.0010s ]
NOTIC: [8] Undefined variable: v E:\wamp\www\6666\Runtime\Cache\Home\769e70f2e46f34ceb60619bbda5e4691.php 第 357 行.
SQL: SELECT * FROM `yershop_document_product` WHERE `id` = null LIMIT 1   [ RunTime:0.0016s ]
SQL: SELECT * FROM `yershop_picture` WHERE `status` = 1 AND `id` = 101 LIMIT 1   [ RunTime:0.0015s ]
NOTIC: [8] Undefined variable: v E:\wamp\www\6666\Runtime\Cache\Home\769e70f2e46f34ceb60619bbda5e4691.php 第 357 行.
SQL: SELECT * FROM `yershop_document_product` WHERE `id` = null LIMIT 1   [ RunTime:0.0013s ]
SQL: SELECT * FROM `yershop_picture` WHERE `status` = 1 AND `id` = 99 LIMIT 1   [ RunTime:0.0014s ]
NOTIC: [8] Undefined variable: v E:\wamp\www\6666\Runtime\Cache\Home\769e70f2e46f34ceb60619bbda5e4691.php 第 357 行.
SQL: SELECT * FROM `yershop_document_product` WHERE `id` = null LIMIT 1   [ RunTime:0.0011s ]
SQL: SELECT * FROM `yershop_picture` WHERE `status` = 1 AND `id` = 98 LIMIT 1   [ RunTime:0.0010s ]
NOTIC: [8] Undefined variable: v E:\wamp\www\6666\Runtime\Cache\Home\769e70f2e46f34ceb60619bbda5e4691.php 第 357 行.
SQL: SELECT * FROM `yershop_document_product` WHERE `id` = null LIMIT 1   [ RunTime:0.0019s ]
SQL: SELECT * FROM `yershop_picture` WHERE `status` = 1 AND `id` = 88 LIMIT 1   [ RunTime:0.0012s ]
SQL: SELECT * FROM `yershop_picture` WHERE `status` = 1 AND `id` = 97 LIMIT 1   [ RunTime:0.0010s ]
NOTIC: [8] Undefined variable: v E:\wamp\www\6666\Runtime\Cache\Home\769e70f2e46f34ceb60619bbda5e4691.php 第 357 行.
SQL: SELECT * FROM `yershop_document_product` WHERE `id` = null LIMIT 1   [ RunTime:0.0011s ]
SQL: SELECT * FROM `yershop_picture` WHERE `status` = 1 AND `id` = 96 LIMIT 1   [ RunTime:0.0017s ]
NOTIC: [8] Undefined variable: v E:\wamp\www\6666\Runtime\Cache\Home\769e70f2e46f34ceb60619bbda5e4691.php 第 357 行.
SQL: SELECT * FROM `yershop_document_product` WHERE `id` = null LIMIT 1   [ RunTime:0.0015s ]
SQL: SELECT * FROM `yershop_picture` WHERE `status` = 1 AND `id` = 95 LIMIT 1   [ RunTime:0.0015s ]
NOTIC: [8] Undefined variable: v E:\wamp\www\6666\Runtime\Cache\Home\769e70f2e46f34ceb60619bbda5e4691.php 第 357 行.
SQL: SELECT * FROM `yershop_document_product` WHERE `id` = null LIMIT 1   [ RunTime:0.0014s ]
SQL: SELECT * FROM `yershop_picture` WHERE `status` = 1 AND `id` = 92 LIMIT 1   [ RunTime:0.0013s ]
NOTIC: [8] Undefined variable: v E:\wamp\www\6666\Runtime\Cache\Home\769e70f2e46f34ceb60619bbda5e4691.php 第 357 行.
SQL: SELECT * FROM `yershop_document_product` WHERE `id` = null LIMIT 1   [ RunTime:0.0012s ]
SQL: SELECT * FROM `yershop_picture` WHERE `status` = 1 AND `id` = 86 LIMIT 1   [ RunTime:0.0014s ]
SQL: SELECT * FROM `yershop_picture` WHERE `status` = 1 AND `id` = 89 LIMIT 1   [ RunTime:0.0019s ]
NOTIC: [8] Undefined variable: v E:\wamp\www\6666\Runtime\Cache\Home\769e70f2e46f34ceb60619bbda5e4691.php 第 357 行.
SQL: SELECT * FROM `yershop_document_product` WHERE `id` = null LIMIT 1   [ RunTime:0.0013s ]
SQL: SELECT * FROM `yershop_picture` WHERE `status` = 1 AND `id` = 62 LIMIT 1   [ RunTime:0.0011s ]
SQL: SELECT * FROM `yershop_picture` WHERE `status` = 1 AND `id` = 62 LIMIT 1   [ RunTime:0.0011s ]
SQL: SELECT * FROM `yershop_picture` WHERE `status` = 1 AND `id` = 57 LIMIT 1   [ RunTime:0.0019s ]
SQL: SELECT * FROM `yershop_picture` WHERE `status` = 1 AND `id` = 59 LIMIT 1   [ RunTime:0.0014s ]
SQL: SELECT * FROM `yershop_picture` WHERE `status` = 1 AND `id` = 56 LIMIT 1   [ RunTime:0.0014s ]
SQL: SELECT * FROM `yershop_picture` WHERE `status` = 1 AND `id` = 111 LIMIT 1   [ RunTime:0.0012s ]
NOTIC: [8] Undefined variable: v E:\wamp\www\6666\Runtime\Cache\Home\769e70f2e46f34ceb60619bbda5e4691.php 第 357 行.
SQL: SELECT * FROM `yershop_document_product` WHERE `id` = null LIMIT 1   [ RunTime:0.0011s ]
NOTIC: [8] Undefined variable: url E:\wamp\www\6666\Runtime\Cache\Home\769e70f2e46f34ceb60619bbda5e4691.php 第 384 行.
INFO: Run Behavior\ParseTemplateBehavior [ RunTime:0.671731s ]
INFO: [ view_parse ] --END-- [ RunTime:0.671889s ]
INFO: [ view_filter ] --START--
INFO: Run Behavior\WriteHtmlCacheBehavior [ RunTime:0.000636s ]
INFO: [ view_filter ] --END-- [ RunTime:0.000779s ]
INFO: [ app_end ] --START--
INFO: Run Behavior\ShowPageTraceBehavior [ RunTime:0.001973s ]
INFO: [ app_end ] --END-- [ RunTime:0.002202s ]

[ 2015-05-02T22:06:36+08:00 ] 127.0.0.1 /6666/index.php
INFO: [ app_begin ] --START--
INFO: Run Behavior\ReadHtmlCacheBehavior [ RunTime:0.003745s ]
INFO: [ app_begin ] --END-- [ RunTime:0.005946s ]
SQL: SHOW COLUMNS FROM `yershop_config` [ RunTime:0.0445s ]
SQL: SELECT `type`,`name`,`value` FROM `yershop_config` WHERE `status` = 1  [ RunTime:0.0031s ]
NOTIC: [8] Use of undefined constant HTTP_CLIENT_IP - assumed 'HTTP_CLIENT_IP' E:\wamp\www\6666\Application\Common\Common\function.php 第 821 行.
NOTIC: [8] Use of undefined constant HTTP_X_FORWARDED_FOR - assumed 'HTTP_X_FORWARDED_FOR' E:\wamp\www\6666\Application\Common\Common\function.php 第 823 行.
NOTIC: [8] Use of undefined constant REMOTE_ADDR - assumed 'REMOTE_ADDR' E:\wamp\www\6666\Application\Common\Common\function.php 第 825 行.
NOTIC: [8] Use of undefined constant REMOTE_ADDR - assumed 'REMOTE_ADDR' E:\wamp\www\6666\Application\Common\Common\function.php 第 825 行.
NOTIC: [8] Use of undefined constant unknown - assumed 'unknown' E:\wamp\www\6666\Application\Common\Common\function.php 第 825 行.
NOTIC: [8] Use of undefined constant REMOTE_ADDR - assumed 'REMOTE_ADDR' E:\wamp\www\6666\Application\Common\Common\function.php 第 826 行.
SQL: SHOW COLUMNS FROM `yershop_records` [ RunTime:0.0449s ]
SQL: SELECT * FROM `yershop_records` WHERE ( ip='127.0.0.1' and tag='1' and page='index' )  [ RunTime:0.0017s ]
SQL: SELECT `time` FROM `yershop_records` WHERE ( ip='127.0.0.1' and tag='1' and page='index' ) ORDER BY id desc LIMIT 1   [ RunTime:0.0019s ]
SQL: SHOW COLUMNS FROM `yershop_category` [ RunTime:0.0675s ]
SQL: SHOW COLUMNS FROM `yershop_category` [ RunTime:0.0849s ]
SQL: SELECT `id`,`name`,`pid`,`title` FROM `yershop_category` WHERE ( display="1"and ismenu="1"  ) ORDER BY sort desc  [ RunTime:0.0041s ]
SQL: SHOW COLUMNS FROM `yershop_document` [ RunTime:0.0673s ]
SQL: SHOW COLUMNS FROM `yershop_category` [ RunTime:0.0839s ]
SQL: SELECT `id` FROM `yershop_category` WHERE ( display=1 and pid=0 )  [ RunTime:0.0022s ]
SQL: SHOW COLUMNS FROM `yershop_slide` [ RunTime:0.0441s ]
SQL: SELECT * FROM `yershop_slide` WHERE ( status=1 )  [ RunTime:0.0015s ]
SQL: SHOW COLUMNS FROM `yershop_document_product` [ RunTime:0.0870s ]
SQL: SELECT * FROM `yershop_document_product` WHERE ( mark="2" ) ORDER BY id desc LIMIT 6   [ RunTime:0.0027s ]
SQL: SELECT * FROM `yershop_document_product` ORDER BY id desc LIMIT 6   [ RunTime:0.0021s ]
SQL: SHOW COLUMNS FROM `yershop_document` [ RunTime:0.0421s ]
SQL: SELECT * FROM `yershop_document` ORDER BY sale desc LIMIT 6   [ RunTime:0.0034s ]
SQL: SELECT * FROM `yershop_document` WHERE ( position="4" )  [ RunTime:0.0026s ]
SQL: SHOW COLUMNS FROM `yershop_config` [ RunTime:0.0438s ]
SQL: SELECT `value` FROM `yershop_config` WHERE ( id="40" ) LIMIT 1   [ RunTime:0.0012s ]
SQL: SHOW COLUMNS FROM `yershop_shopcart` [ RunTime:0.0432s ]
SQL: SHOW COLUMNS FROM `yershop_member` [ RunTime:0.0344s ]
SQL: SELECT * FROM `yershop_shopcart` WHERE `uid` = null  [ RunTime:0.0011s ]
NOTIC: [8] Undefined index: cart E:\wamp\www\6666\Application\Home\Controller\IndexController.class.php 第 59 行.
SQL: SELECT `type`,`name`,`value` FROM `yershop_config` WHERE `status` = 1  [ RunTime:0.0017s ]
SQL: SELECT * FROM `yershop_category` WHERE ( ismenu='2' and pid='0' ) ORDER BY id asc  [ RunTime:0.0021s ]
SQL: SELECT * FROM `yershop_category` WHERE ( pid='77' )  [ RunTime:0.0018s ]
SQL: SELECT * FROM `yershop_category` WHERE ( pid='133' )  [ RunTime:0.0016s ]
SQL: SELECT * FROM `yershop_category` WHERE ( pid='137' )  [ RunTime:0.0017s ]
SQL: SELECT * FROM `yershop_category` WHERE ( pid='141' )  [ RunTime:0.0013s ]
SQL: SELECT `id`,`name`,`title`,`pid`,`sort`,`list_row`,`meta_title`,`keywords`,`description`,`template_index`,`template_lists`,`template_detail`,`template_edit`,`model`,`model_sub`,`type`,`link_id`,`allow_publish`,`display`,`reply`,`check`,`reply_model`,`extend`,`create_time`,`update_time`,`status`,`icon`,`ismenu` FROM `yershop_category` WHERE `status` = 1 AND `ismenu` = 1 ORDER BY sort desc  [ RunTime:0.0025s ]
SQL: SHOW COLUMNS FROM `yershop_document` [ RunTime:0.0384s ]
SQL: SELECT * FROM `yershop_document` WHERE `category_id` IN (52,58,124,57,126) AND `status` = 1 ORDER BY id desc LIMIT 10   [ RunTime:0.0025s ]
SQL: SELECT * FROM `yershop_document` WHERE `category_id` IN (107,104,110,105,109) AND `status` = 1 ORDER BY id desc LIMIT 10   [ RunTime:0.0026s ]
NOTIC: [8] Undefined index: _ E:\wamp\www\6666\Application\Home\Controller\IndexController.class.php 第 164 行.
NOTIC: [2] Invalid argument supplied for foreach() E:\wamp\www\6666\Application\Home\Controller\IndexController.class.php 第 164 行.
NOTIC: [8] Undefined index: _ E:\wamp\www\6666\Application\Home\Controller\IndexController.class.php 第 164 行.
NOTIC: [2] Invalid argument supplied for foreach() E:\wamp\www\6666\Application\Home\Controller\IndexController.class.php 第 164 行.
SQL: SELECT * FROM `yershop_document` WHERE `category_id` IN (75,115,116,129,117,118,123,119) AND `status` = 1 ORDER BY id desc LIMIT 10   [ RunTime:0.0025s ]
SQL: SELECT * FROM `yershop_document` WHERE `category_id` IN (71,81,82,83,84,86,87,88) AND `status` = 1 ORDER BY id desc LIMIT 10   [ RunTime:0.0026s ]
SQL: SELECT * FROM `yershop_document` WHERE `category_id` IN (72,92,93,94,96,99,100,101) AND `status` = 1 ORDER BY id desc LIMIT 10   [ RunTime:0.0029s ]
SQL: SELECT * FROM `yershop_document` WHERE `category_id` IN (73,97,98,102,103) AND `status` = 1 ORDER BY id desc LIMIT 10   [ RunTime:0.0032s ]
NOTIC: [8] Undefined index: _ E:\wamp\www\6666\Application\Home\Controller\IndexController.class.php 第 164 行.
NOTIC: [2] Invalid argument supplied for foreach() E:\wamp\www\6666\Application\Home\Controller\IndexController.class.php 第 164 行.
SQL: SELECT * FROM `yershop_document` WHERE `category_id` IN (76,120,121,122) AND `status` = 1 ORDER BY id desc LIMIT 10   [ RunTime:0.0022s ]
SQL: SELECT * FROM `yershop_document` WHERE `category_id` IN (90,106,108) AND `status` = 1 ORDER BY id desc LIMIT 10   [ RunTime:0.0015s ]
SQL: SELECT * FROM `yershop_document` WHERE `category_id` IN (111,112,114) AND `status` = 1 ORDER BY id desc LIMIT 10   [ RunTime:0.0016s ]
INFO: [ view_parse ] --START--
INFO: [ template_filter ] --START--
INFO: Run Behavior\ContentReplaceBehavior [ RunTime:0.001323s ]
INFO: [ template_filter ] --END-- [ RunTime:0.001562s ]
SQL: SHOW COLUMNS FROM `yershop_channel` [ RunTime:0.0263s ]
SQL: SELECT `id`,`pid`,`title`,`url`,`sort`,`create_time`,`update_time`,`status`,`target` FROM `yershop_channel` WHERE ( status=1 ) ORDER BY sort  [ RunTime:0.0019s ]
SQL: SHOW COLUMNS FROM `yershop_picture` [ RunTime:0.0257s ]
SQL: SELECT * FROM `yershop_picture` WHERE `status` = 1 AND `id` = 50 LIMIT 1   [ RunTime:0.0020s ]
SQL: SELECT * FROM `yershop_picture` WHERE `status` = 1 AND `id` = 49 LIMIT 1   [ RunTime:0.0021s ]
SQL: SELECT * FROM `yershop_picture` WHERE `status` = 1 AND `id` = 34 LIMIT 1   [ RunTime:0.0022s ]
SQL: SELECT * FROM `yershop_picture` WHERE `status` = 1 AND `id` = 48 LIMIT 1   [ RunTime:0.0019s ]
SQL: SELECT * FROM `yershop_picture` WHERE `status` = 1 AND `id` = 33 LIMIT 1   [ RunTime:0.0021s ]
SQL: SELECT `id`,`name`,`title`,`pid`,`sort`,`list_row`,`meta_title`,`keywords`,`description`,`template_index`,`template_lists`,`template_detail`,`template_edit`,`model`,`model_sub`,`type`,`link_id`,`allow_publish`,`display`,`reply`,`check`,`reply_model`,`extend`,`create_time`,`update_time`,`status`,`icon`,`ismenu` FROM `yershop_category` WHERE `id` = 56 LIMIT 1   [ RunTime:0.0024s ]
SQL: SELECT `id`,`name`,`pid`,`title`,`link_id` FROM `yershop_category` WHERE `status` = 1 AND `ismenu` = 1 ORDER BY sort desc  [ RunTime:0.0025s ]
SQL: SELECT `id`,`uid`,`name`,`title`,`category_id`,`description`,`root`,`pid`,`model_id`,`type`,`position`,`link_id`,`cover_id`,`display`,`deadline`,`attach`,`view`,`comment`,`extend`,`level`,`create_time`,`update_time`,`status`,`price`,`tuan_price`,`qg_price`,`ms_price`,`brand`,`sale`,`percent` FROM `yershop_document` WHERE `status` = 1 AND `pid` = 0 AND `category_id` IN ('in','56','56') AND `create_time` < 1430575594 AND ( deadline = 0 OR deadline > 1430575594 ) ORDER BY `level` DESC,`id` DESC LIMIT 0,10   [ RunTime:0.0026s ]
NOTIC: [8] Undefined variable: article E:\wamp\www\6666\Runtime\Cache\Home\769e70f2e46f34ceb60619bbda5e4691.php 第 323 行.
SQL: SELECT * FROM `yershop_picture` WHERE `status` = 1 AND `id` = 85 LIMIT 1   [ RunTime:0.0035s ]
SQL: SELECT * FROM `yershop_picture` WHERE `status` = 1 AND `id` = 66 LIMIT 1   [ RunTime:0.0019s ]
NOTIC: [8] Undefined variable: v E:\wamp\www\6666\Runtime\Cache\Home\769e70f2e46f34ceb60619bbda5e4691.php 第 357 行.
SQL: SELECT * FROM `yershop_document_product` WHERE `id` = null LIMIT 1   [ RunTime:0.0015s ]
SQL: SELECT * FROM `yershop_picture` WHERE `status` = 1 AND `id` = 23 LIMIT 1   [ RunTime:0.0014s ]
NOTIC: [8] Undefined variable: v E:\wamp\www\6666\Runtime\Cache\Home\769e70f2e46f34ceb60619bbda5e4691.php 第 357 行.
SQL: SELECT * FROM `yershop_document_product` WHERE `id` = null LIMIT 1   [ RunTime:0.0013s ]
SQL: SELECT * FROM `yershop_picture` WHERE `status` = 1 AND `id` = 24 LIMIT 1   [ RunTime:0.0019s ]
NOTIC: [8] Undefined variable: v E:\wamp\www\6666\Runtime\Cache\Home\769e70f2e46f34ceb60619bbda5e4691.php 第 357 行.
SQL: SELECT * FROM `yershop_document_product` WHERE `id` = null LIMIT 1   [ RunTime:0.0011s ]
SQL: SELECT * FROM `yershop_picture` WHERE `status` = 1 AND `id` = 21 LIMIT 1   [ RunTime:0.0010s ]
NOTIC: [8] Undefined variable: v E:\wamp\www\6666\Runtime\Cache\Home\769e70f2e46f34ceb60619bbda5e4691.php 第 357 行.
SQL: SELECT * FROM `yershop_document_product` WHERE `id` = null LIMIT 1   [ RunTime:0.0010s ]
SQL: SELECT * FROM `yershop_picture` WHERE `status` = 1 AND `id` = 20 LIMIT 1   [ RunTime:0.0013s ]
NOTIC: [8] Undefined variable: v E:\wamp\www\6666\Runtime\Cache\Home\769e70f2e46f34ceb60619bbda5e4691.php 第 357 行.
SQL: SELECT * FROM `yershop_document_product` WHERE `id` = null LIMIT 1   [ RunTime:0.0011s ]
SQL: SELECT * FROM `yershop_picture` WHERE `status` = 1 AND `id` = 17 LIMIT 1   [ RunTime:0.0011s ]
NOTIC: [8] Undefined variable: v E:\wamp\www\6666\Runtime\Cache\Home\769e70f2e46f34ceb60619bbda5e4691.php 第 357 行.
SQL: SELECT * FROM `yershop_document_product` WHERE `id` = null LIMIT 1   [ RunTime:0.0013s ]
SQL: SELECT * FROM `yershop_picture` WHERE `status` = 1 AND `id` = 9 LIMIT 1   [ RunTime:0.0014s ]
NOTIC: [8] Undefined variable: v E:\wamp\www\6666\Runtime\Cache\Home\769e70f2e46f34ceb60619bbda5e4691.php 第 357 行.
SQL: SELECT * FROM `yershop_document_product` WHERE `id` = null LIMIT 1   [ RunTime:0.0015s ]
SQL: SELECT * FROM `yershop_picture` WHERE `status` = 1 AND `id` = 7 LIMIT 1   [ RunTime:0.0012s ]
NOTIC: [8] Undefined variable: v E:\wamp\www\6666\Runtime\Cache\Home\769e70f2e46f34ceb60619bbda5e4691.php 第 357 行.
SQL: SELECT * FROM `yershop_document_product` WHERE `id` = null LIMIT 1   [ RunTime:0.0011s ]
SQL: SELECT * FROM `yershop_picture` WHERE `status` = 1 AND `id` = 15 LIMIT 1   [ RunTime:0.0012s ]
NOTIC: [8] Undefined variable: v E:\wamp\www\6666\Runtime\Cache\Home\769e70f2e46f34ceb60619bbda5e4691.php 第 357 行.
SQL: SELECT * FROM `yershop_document_product` WHERE `id` = null LIMIT 1   [ RunTime:0.0012s ]
SQL: SELECT * FROM `yershop_picture` WHERE `status` = 1 AND `id` = 87 LIMIT 1   [ RunTime:0.0011s ]
SQL: SELECT * FROM `yershop_picture` WHERE `status` = 1 AND `id` = 110 LIMIT 1   [ RunTime:0.0015s ]
NOTIC: [8] Undefined variable: v E:\wamp\www\6666\Runtime\Cache\Home\769e70f2e46f34ceb60619bbda5e4691.php 第 357 行.
SQL: SELECT * FROM `yershop_document_product` WHERE `id` = null LIMIT 1   [ RunTime:0.0013s ]
SQL: SELECT * FROM `yershop_picture` WHERE `status` = 1 AND `id` = 108 LIMIT 1   [ RunTime:0.0013s ]
NOTIC: [8] Undefined variable: v E:\wamp\www\6666\Runtime\Cache\Home\769e70f2e46f34ceb60619bbda5e4691.php 第 357 行.
SQL: SELECT * FROM `yershop_document_product` WHERE `id` = null LIMIT 1   [ RunTime:0.0012s ]
SQL: SELECT * FROM `yershop_picture` WHERE `status` = 1 AND `id` = 107 LIMIT 1   [ RunTime:0.0011s ]
NOTIC: [8] Undefined variable: v E:\wamp\www\6666\Runtime\Cache\Home\769e70f2e46f34ceb60619bbda5e4691.php 第 357 行.
SQL: SELECT * FROM `yershop_document_product` WHERE `id` = null LIMIT 1   [ RunTime:0.0028s ]
SQL: SELECT * FROM `yershop_picture` WHERE `status` = 1 AND `id` = 105 LIMIT 1   [ RunTime:0.0018s ]
NOTIC: [8] Undefined variable: v E:\wamp\www\6666\Runtime\Cache\Home\769e70f2e46f34ceb60619bbda5e4691.php 第 357 行.
SQL: SELECT * FROM `yershop_document_product` WHERE `id` = null LIMIT 1   [ RunTime:0.0015s ]
SQL: SELECT * FROM `yershop_picture` WHERE `status` = 1 AND `id` = 104 LIMIT 1   [ RunTime:0.0013s ]
NOTIC: [8] Undefined variable: v E:\wamp\www\6666\Runtime\Cache\Home\769e70f2e46f34ceb60619bbda5e4691.php 第 357 行.
SQL: SELECT * FROM `yershop_document_product` WHERE `id` = null LIMIT 1   [ RunTime:0.0011s ]
SQL: SELECT * FROM `yershop_picture` WHERE `status` = 1 AND `id` = 91 LIMIT 1   [ RunTime:0.0014s ]
NOTIC: [8] Undefined variable: v E:\wamp\www\6666\Runtime\Cache\Home\769e70f2e46f34ceb60619bbda5e4691.php 第 357 行.
SQL: SELECT * FROM `yershop_document_product` WHERE `id` = null LIMIT 1   [ RunTime:0.0012s ]
SQL: SELECT * FROM `yershop_picture` WHERE `status` = 1 AND `id` = 103 LIMIT 1   [ RunTime:0.0011s ]
NOTIC: [8] Undefined variable: v E:\wamp\www\6666\Runtime\Cache\Home\769e70f2e46f34ceb60619bbda5e4691.php 第 357 行.
SQL: SELECT * FROM `yershop_document_product` WHERE `id` = null LIMIT 1   [ RunTime:0.0011s ]
SQL: SELECT * FROM `yershop_picture` WHERE `status` = 1 AND `id` = 101 LIMIT 1   [ RunTime:0.0011s ]
NOTIC: [8] Undefined variable: v E:\wamp\www\6666\Runtime\Cache\Home\769e70f2e46f34ceb60619bbda5e4691.php 第 357 行.
SQL: SELECT * FROM `yershop_document_product` WHERE `id` = null LIMIT 1   [ RunTime:0.0011s ]
SQL: SELECT * FROM `yershop_picture` WHERE `status` = 1 AND `id` = 99 LIMIT 1   [ RunTime:0.0012s ]
NOTIC: [8] Undefined variable: v E:\wamp\www\6666\Runtime\Cache\Home\769e70f2e46f34ceb60619bbda5e4691.php 第 357 行.
SQL: SELECT * FROM `yershop_document_product` WHERE `id` = null LIMIT 1   [ RunTime:0.0014s ]
SQL: SELECT * FROM `yershop_picture` WHERE `status` = 1 AND `id` = 98 LIMIT 1   [ RunTime:0.0012s ]
NOTIC: [8] Undefined variable: v E:\wamp\www\6666\Runtime\Cache\Home\769e70f2e46f34ceb60619bbda5e4691.php 第 357 行.
SQL: SELECT * FROM `yershop_document_product` WHERE `id` = null LIMIT 1   [ RunTime:0.0011s ]
SQL: SELECT * FROM `yershop_picture` WHERE `status` = 1 AND `id` = 88 LIMIT 1   [ RunTime:0.0011s ]
SQL: SELECT * FROM `yershop_picture` WHERE `status` = 1 AND `id` = 97 LIMIT 1   [ RunTime:0.0011s ]
NOTIC: [8] Undefined variable: v E:\wamp\www\6666\Runtime\Cache\Home\769e70f2e46f34ceb60619bbda5e4691.php 第 357 行.
SQL: SELECT * FROM `yershop_document_product` WHERE `id` = null LIMIT 1   [ RunTime:0.0011s ]
SQL: SELECT * FROM `yershop_picture` WHERE `status` = 1 AND `id` = 96 LIMIT 1   [ RunTime:0.0011s ]
NOTIC: [8] Undefined variable: v E:\wamp\www\6666\Runtime\Cache\Home\769e70f2e46f34ceb60619bbda5e4691.php 第 357 行.
SQL: SELECT * FROM `yershop_document_product` WHERE `id` = null LIMIT 1   [ RunTime:0.0010s ]
SQL: SELECT * FROM `yershop_picture` WHERE `status` = 1 AND `id` = 95 LIMIT 1   [ RunTime:0.0026s ]
NOTIC: [8] Undefined variable: v E:\wamp\www\6666\Runtime\Cache\Home\769e70f2e46f34ceb60619bbda5e4691.php 第 357 行.
SQL: SELECT * FROM `yershop_document_product` WHERE `id` = null LIMIT 1   [ RunTime:0.0016s ]
SQL: SELECT * FROM `yershop_picture` WHERE `status` = 1 AND `id` = 92 LIMIT 1   [ RunTime:0.0014s ]
NOTIC: [8] Undefined variable: v E:\wamp\www\6666\Runtime\Cache\Home\769e70f2e46f34ceb60619bbda5e4691.php 第 357 行.
SQL: SELECT * FROM `yershop_document_product` WHERE `id` = null LIMIT 1   [ RunTime:0.0014s ]
SQL: SELECT * FROM `yershop_picture` WHERE `status` = 1 AND `id` = 86 LIMIT 1   [ RunTime:0.0014s ]
SQL: SELECT * FROM `yershop_picture` WHERE `status` = 1 AND `id` = 89 LIMIT 1   [ RunTime:0.0020s ]
NOTIC: [8] Undefined variable: v E:\wamp\www\6666\Runtime\Cache\Home\769e70f2e46f34ceb60619bbda5e4691.php 第 357 行.
SQL: SELECT * FROM `yershop_document_product` WHERE `id` = null LIMIT 1   [ RunTime:0.0016s ]
SQL: SELECT * FROM `yershop_picture` WHERE `status` = 1 AND `id` = 62 LIMIT 1   [ RunTime:0.0015s ]
SQL: SELECT * FROM `yershop_picture` WHERE `status` = 1 AND `id` = 62 LIMIT 1   [ RunTime:0.0015s ]
SQL: SELECT * FROM `yershop_picture` WHERE `status` = 1 AND `id` = 57 LIMIT 1   [ RunTime:0.0025s ]
SQL: SELECT * FROM `yershop_picture` WHERE `status` = 1 AND `id` = 59 LIMIT 1   [ RunTime:0.0037s ]
SQL: SELECT * FROM `yershop_picture` WHERE `status` = 1 AND `id` = 56 LIMIT 1   [ RunTime:0.0018s ]
SQL: SELECT * FROM `yershop_picture` WHERE `status` = 1 AND `id` = 111 LIMIT 1   [ RunTime:0.0016s ]
NOTIC: [8] Undefined variable: v E:\wamp\www\6666\Runtime\Cache\Home\769e70f2e46f34ceb60619bbda5e4691.php 第 357 行.
SQL: SELECT * FROM `yershop_document_product` WHERE `id` = null LIMIT 1   [ RunTime:0.0018s ]
NOTIC: [8] Undefined variable: url E:\wamp\www\6666\Runtime\Cache\Home\769e70f2e46f34ceb60619bbda5e4691.php 第 384 行.
INFO: Run Behavior\ParseTemplateBehavior [ RunTime:0.616129s ]
INFO: [ view_parse ] --END-- [ RunTime:0.616404s ]
INFO: [ view_filter ] --START--
INFO: Run Behavior\WriteHtmlCacheBehavior [ RunTime:0.001094s ]
INFO: [ view_filter ] --END-- [ RunTime:0.001294s ]
INFO: [ app_end ] --START--
INFO: Run Behavior\ShowPageTraceBehavior [ RunTime:0.001768s ]
INFO: [ app_end ] --END-- [ RunTime:0.001957s ]

[ 2015-05-02T22:10:24+08:00 ] 127.0.0.1 /6666/index.php
NOTIC: [8] Use of undefined constant HTTP_CLIENT_IP - assumed 'HTTP_CLIENT_IP' E:\wamp\www\6666\Application\Common\Common\function.php 第 821 行.
NOTIC: [8] Use of undefined constant HTTP_X_FORWARDED_FOR - assumed 'HTTP_X_FORWARDED_FOR' E:\wamp\www\6666\Application\Common\Common\function.php 第 823 行.
NOTIC: [8] Use of undefined constant REMOTE_ADDR - assumed 'REMOTE_ADDR' E:\wamp\www\6666\Application\Common\Common\function.php 第 825 行.
NOTIC: [8] Use of undefined constant REMOTE_ADDR - assumed 'REMOTE_ADDR' E:\wamp\www\6666\Application\Common\Common\function.php 第 825 行.
NOTIC: [8] Use of undefined constant unknown - assumed 'unknown' E:\wamp\www\6666\Application\Common\Common\function.php 第 825 行.
NOTIC: [8] Use of undefined constant REMOTE_ADDR - assumed 'REMOTE_ADDR' E:\wamp\www\6666\Application\Common\Common\function.php 第 826 行.
NOTIC: [8] Undefined index: HTTP_REFERER E:\wamp\www\6666\Application\Common\Common\function.php 第 852 行.
SQL: SHOW COLUMNS FROM `yershop_records` [ RunTime:0.0319s ]
SQL: SELECT * FROM `yershop_records` WHERE ( ip='127.0.0.1' and tag='1' and page='index' )  [ RunTime:0.0016s ]
SQL: INSERT INTO `yershop_records` (`ip`,`country`,`province`,`city`,`isp`,`tag`,`page`,`time`,`url`) VALUES ('127.0.0.1','未分配或者内网IP','','','','1','index','1430575822','localhost/6666/index.php') [ RunTime:0.0030s ]
SQL: SHOW COLUMNS FROM `yershop_category` [ RunTime:0.0756s ]
SQL: SHOW COLUMNS FROM `yershop_category` [ RunTime:0.0625s ]
SQL: SELECT `id`,`name`,`pid`,`title` FROM `yershop_category` WHERE ( display="1"and ismenu="1"  ) ORDER BY sort desc  [ RunTime:0.0019s ]
SQL: SHOW COLUMNS FROM `yershop_document` [ RunTime:0.0399s ]
SQL: SHOW COLUMNS FROM `yershop_category` [ RunTime:0.0497s ]
SQL: SELECT `id` FROM `yershop_category` WHERE ( display=1 and pid=0 )  [ RunTime:0.0018s ]
SQL: SHOW COLUMNS FROM `yershop_slide` [ RunTime:0.0831s ]
SQL: SELECT * FROM `yershop_slide` WHERE ( status=1 )  [ RunTime:0.0013s ]
SQL: SHOW COLUMNS FROM `yershop_document_product` [ RunTime:0.0298s ]
SQL: SELECT * FROM `yershop_document_product` WHERE ( mark="2" ) ORDER BY id desc LIMIT 6   [ RunTime:0.0017s ]
SQL: SELECT * FROM `yershop_document_product` ORDER BY id desc LIMIT 6   [ RunTime:0.0017s ]
SQL: SHOW COLUMNS FROM `yershop_document` [ RunTime:0.0345s ]
SQL: SELECT * FROM `yershop_document` ORDER BY sale desc LIMIT 6   [ RunTime:0.0020s ]
SQL: SELECT * FROM `yershop_document` WHERE ( position="4" )  [ RunTime:0.0021s ]
SQL: SHOW COLUMNS FROM `yershop_config` [ RunTime:0.0359s ]
SQL: SELECT `value` FROM `yershop_config` WHERE ( id="40" ) LIMIT 1   [ RunTime:0.0012s ]
SQL: SHOW COLUMNS FROM `yershop_shopcart` [ RunTime:0.0407s ]
SQL: SHOW COLUMNS FROM `yershop_member` [ RunTime:0.0370s ]
SQL: SELECT * FROM `yershop_shopcart` WHERE `uid` = null  [ RunTime:0.0014s ]
NOTIC: [8] Undefined index: cart E:\wamp\www\6666\Application\Home\Controller\IndexController.class.php 第 59 行.
SQL: SELECT `type`,`name`,`value` FROM `yershop_config` WHERE `status` = 1  [ RunTime:0.0021s ]
SQL: SELECT * FROM `yershop_category` WHERE ( ismenu='2' and pid='0' ) ORDER BY id asc  [ RunTime:0.0026s ]
SQL: SELECT * FROM `yershop_category` WHERE ( pid='77' )  [ RunTime:0.0017s ]
SQL: SELECT * FROM `yershop_category` WHERE ( pid='133' )  [ RunTime:0.0014s ]
SQL: SELECT * FROM `yershop_category` WHERE ( pid='137' )  [ RunTime:0.0018s ]
SQL: SELECT * FROM `yershop_category` WHERE ( pid='141' )  [ RunTime:0.0021s ]
SQL: SELECT `id`,`name`,`title`,`pid`,`sort`,`list_row`,`meta_title`,`keywords`,`description`,`template_index`,`template_lists`,`template_detail`,`template_edit`,`model`,`model_sub`,`type`,`link_id`,`allow_publish`,`display`,`reply`,`check`,`reply_model`,`extend`,`create_time`,`update_time`,`status`,`icon`,`ismenu` FROM `yershop_category` WHERE `status` = 1 AND `ismenu` = 1 ORDER BY sort desc  [ RunTime:0.0025s ]
SQL: SHOW COLUMNS FROM `yershop_document` [ RunTime:0.0333s ]
SQL: SELECT * FROM `yershop_document` WHERE `category_id` IN (52,58,124,57,126) AND `status` = 1 ORDER BY id desc LIMIT 10   [ RunTime:0.0033s ]
SQL: SELECT * FROM `yershop_document` WHERE `category_id` IN (107,104,110,105,109) AND `status` = 1 ORDER BY id desc LIMIT 10   [ RunTime:0.0027s ]
NOTIC: [8] Undefined index: _ E:\wamp\www\6666\Application\Home\Controller\IndexController.class.php 第 164 行.
NOTIC: [2] Invalid argument supplied for foreach() E:\wamp\www\6666\Application\Home\Controller\IndexController.class.php 第 164 行.
NOTIC: [8] Undefined index: _ E:\wamp\www\6666\Application\Home\Controller\IndexController.class.php 第 164 行.
NOTIC: [2] Invalid argument supplied for foreach() E:\wamp\www\6666\Application\Home\Controller\IndexController.class.php 第 164 行.
SQL: SELECT * FROM `yershop_document` WHERE `category_id` IN (75,115,116,129,117,118,123,119) AND `status` = 1 ORDER BY id desc LIMIT 10   [ RunTime:0.0021s ]
SQL: SELECT * FROM `yershop_document` WHERE `category_id` IN (71,81,82,83,84,86,87,88) AND `status` = 1 ORDER BY id desc LIMIT 10   [ RunTime:0.0021s ]
SQL: SELECT * FROM `yershop_document` WHERE `category_id` IN (72,92,93,94,96,99,100,101) AND `status` = 1 ORDER BY id desc LIMIT 10   [ RunTime:0.0021s ]
SQL: SELECT * FROM `yershop_document` WHERE `category_id` IN (73,97,98,102,103) AND `status` = 1 ORDER BY id desc LIMIT 10   [ RunTime:0.0035s ]
NOTIC: [8] Undefined index: _ E:\wamp\www\6666\Application\Home\Controller\IndexController.class.php 第 164 行.
NOTIC: [2] Invalid argument supplied for foreach() E:\wamp\www\6666\Application\Home\Controller\IndexController.class.php 第 164 行.
SQL: SELECT * FROM `yershop_document` WHERE `category_id` IN (76,120,121,122) AND `status` = 1 ORDER BY id desc LIMIT 10   [ RunTime:0.0018s ]
SQL: SELECT * FROM `yershop_document` WHERE `category_id` IN (90,106,108) AND `status` = 1 ORDER BY id desc LIMIT 10   [ RunTime:0.0016s ]
SQL: SELECT * FROM `yershop_document` WHERE `category_id` IN (111,112,114) AND `status` = 1 ORDER BY id desc LIMIT 10   [ RunTime:0.0024s ]
INFO: [ view_parse ] --START--
INFO: [ template_filter ] --START--
INFO: Run Behavior\ContentReplaceBehavior [ RunTime:0.001236s ]
INFO: [ template_filter ] --END-- [ RunTime:0.001569s ]
SQL: SHOW COLUMNS FROM `yershop_channel` [ RunTime:0.0466s ]
SQL: SELECT `id`,`pid`,`title`,`url`,`sort`,`create_time`,`update_time`,`status`,`target` FROM `yershop_channel` WHERE ( status=1 ) ORDER BY sort  [ RunTime:0.0047s ]
SQL: SHOW COLUMNS FROM `yershop_picture` [ RunTime:0.0361s ]
SQL: SELECT * FROM `yershop_picture` WHERE `status` = 1 AND `id` = 50 LIMIT 1   [ RunTime:0.0015s ]
SQL: SELECT * FROM `yershop_picture` WHERE `status` = 1 AND `id` = 49 LIMIT 1   [ RunTime:0.0021s ]
SQL: SELECT * FROM `yershop_picture` WHERE `status` = 1 AND `id` = 34 LIMIT 1   [ RunTime:0.0016s ]
SQL: SELECT * FROM `yershop_picture` WHERE `status` = 1 AND `id` = 48 LIMIT 1   [ RunTime:0.0013s ]
SQL: SELECT * FROM `yershop_picture` WHERE `status` = 1 AND `id` = 33 LIMIT 1   [ RunTime:0.0014s ]
SQL: SELECT `id`,`name`,`title`,`pid`,`sort`,`list_row`,`meta_title`,`keywords`,`description`,`template_index`,`template_lists`,`template_detail`,`template_edit`,`model`,`model_sub`,`type`,`link_id`,`allow_publish`,`display`,`reply`,`check`,`reply_model`,`extend`,`create_time`,`update_time`,`status`,`icon`,`ismenu` FROM `yershop_category` WHERE `id` = 56 LIMIT 1   [ RunTime:0.0018s ]
SQL: SELECT `id`,`name`,`pid`,`title`,`link_id` FROM `yershop_category` WHERE `status` = 1 AND `ismenu` = 1 ORDER BY sort desc  [ RunTime:0.0026s ]
SQL: SELECT `id`,`uid`,`name`,`title`,`category_id`,`description`,`root`,`pid`,`model_id`,`type`,`position`,`link_id`,`cover_id`,`display`,`deadline`,`attach`,`view`,`comment`,`extend`,`level`,`create_time`,`update_time`,`status`,`price`,`tuan_price`,`qg_price`,`ms_price`,`brand`,`sale`,`percent` FROM `yershop_document` WHERE `status` = 1 AND `pid` = 0 AND `category_id` IN ('in','56','56') AND `create_time` < 1430575822 AND ( deadline = 0 OR deadline > 1430575822 ) ORDER BY `level` DESC,`id` DESC LIMIT 0,10   [ RunTime:0.0038s ]
NOTIC: [8] Undefined variable: article E:\wamp\www\6666\Runtime\Cache\Home\769e70f2e46f34ceb60619bbda5e4691.php 第 323 行.
SQL: SELECT * FROM `yershop_picture` WHERE `status` = 1 AND `id` = 85 LIMIT 1   [ RunTime:0.0017s ]
SQL: SELECT * FROM `yershop_picture` WHERE `status` = 1 AND `id` = 66 LIMIT 1   [ RunTime:0.0023s ]
NOTIC: [8] Undefined variable: v E:\wamp\www\6666\Runtime\Cache\Home\769e70f2e46f34ceb60619bbda5e4691.php 第 357 行.
SQL: SELECT * FROM `yershop_document_product` WHERE `id` = null LIMIT 1   [ RunTime:0.0017s ]
SQL: SELECT * FROM `yershop_picture` WHERE `status` = 1 AND `id` = 23 LIMIT 1   [ RunTime:0.0015s ]
NOTIC: [8] Undefined variable: v E:\wamp\www\6666\Runtime\Cache\Home\769e70f2e46f34ceb60619bbda5e4691.php 第 357 行.
SQL: SELECT * FROM `yershop_document_product` WHERE `id` = null LIMIT 1   [ RunTime:0.0012s ]
SQL: SELECT * FROM `yershop_picture` WHERE `status` = 1 AND `id` = 24 LIMIT 1   [ RunTime:0.0023s ]
NOTIC: [8] Undefined variable: v E:\wamp\www\6666\Runtime\Cache\Home\769e70f2e46f34ceb60619bbda5e4691.php 第 357 行.
SQL: SELECT * FROM `yershop_document_product` WHERE `id` = null LIMIT 1   [ RunTime:0.0019s ]
SQL: SELECT * FROM `yershop_picture` WHERE `status` = 1 AND `id` = 21 LIMIT 1   [ RunTime:0.0014s ]
NOTIC: [8] Undefined variable: v E:\wamp\www\6666\Runtime\Cache\Home\769e70f2e46f34ceb60619bbda5e4691.php 第 357 行.
SQL: SELECT * FROM `yershop_document_product` WHERE `id` = null LIMIT 1   [ RunTime:0.0015s ]
SQL: SELECT * FROM `yershop_picture` WHERE `status` = 1 AND `id` = 20 LIMIT 1   [ RunTime:0.0018s ]
NOTIC: [8] Undefined variable: v E:\wamp\www\6666\Runtime\Cache\Home\769e70f2e46f34ceb60619bbda5e4691.php 第 357 行.
SQL: SELECT * FROM `yershop_document_product` WHERE `id` = null LIMIT 1   [ RunTime:0.0019s ]
SQL: SELECT * FROM `yershop_picture` WHERE `status` = 1 AND `id` = 17 LIMIT 1   [ RunTime:0.0024s ]
NOTIC: [8] Undefined variable: v E:\wamp\www\6666\Runtime\Cache\Home\769e70f2e46f34ceb60619bbda5e4691.php 第 357 行.
SQL: SELECT * FROM `yershop_document_product` WHERE `id` = null LIMIT 1   [ RunTime:0.0015s ]
SQL: SELECT * FROM `yershop_picture` WHERE `status` = 1 AND `id` = 9 LIMIT 1   [ RunTime:0.0020s ]
NOTIC: [8] Undefined variable: v E:\wamp\www\6666\Runtime\Cache\Home\769e70f2e46f34ceb60619bbda5e4691.php 第 357 行.
SQL: SELECT * FROM `yershop_document_product` WHERE `id` = null LIMIT 1   [ RunTime:0.0015s ]
SQL: SELECT * FROM `yershop_picture` WHERE `status` = 1 AND `id` = 7 LIMIT 1   [ RunTime:0.0014s ]
NOTIC: [8] Undefined variable: v E:\wamp\www\6666\Runtime\Cache\Home\769e70f2e46f34ceb60619bbda5e4691.php 第 357 行.
SQL: SELECT * FROM `yershop_document_product` WHERE `id` = null LIMIT 1   [ RunTime:0.0013s ]
SQL: SELECT * FROM `yershop_picture` WHERE `status` = 1 AND `id` = 15 LIMIT 1   [ RunTime:0.0012s ]
NOTIC: [8] Undefined variable: v E:\wamp\www\6666\Runtime\Cache\Home\769e70f2e46f34ceb60619bbda5e4691.php 第 357 行.
SQL: SELECT * FROM `yershop_document_product` WHERE `id` = null LIMIT 1   [ RunTime:0.0013s ]
SQL: SELECT * FROM `yershop_picture` WHERE `status` = 1 AND `id` = 87 LIMIT 1   [ RunTime:0.0020s ]
SQL: SELECT * FROM `yershop_picture` WHERE `status` = 1 AND `id` = 110 LIMIT 1   [ RunTime:0.0014s ]
NOTIC: [8] Undefined variable: v E:\wamp\www\6666\Runtime\Cache\Home\769e70f2e46f34ceb60619bbda5e4691.php 第 357 行.
SQL: SELECT * FROM `yershop_document_product` WHERE `id` = null LIMIT 1   [ RunTime:0.0014s ]
SQL: SELECT * FROM `yershop_picture` WHERE `status` = 1 AND `id` = 108 LIMIT 1   [ RunTime:0.0015s ]
NOTIC: [8] Undefined variable: v E:\wamp\www\6666\Runtime\Cache\Home\769e70f2e46f34ceb60619bbda5e4691.php 第 357 行.
SQL: SELECT * FROM `yershop_document_product` WHERE `id` = null LIMIT 1   [ RunTime:0.0012s ]
SQL: SELECT * FROM `yershop_picture` WHERE `status` = 1 AND `id` = 107 LIMIT 1   [ RunTime:0.0017s ]
NOTIC: [8] Undefined variable: v E:\wamp\www\6666\Runtime\Cache\Home\769e70f2e46f34ceb60619bbda5e4691.php 第 357 行.
SQL: SELECT * FROM `yershop_document_product` WHERE `id` = null LIMIT 1   [ RunTime:0.0019s ]
SQL: SELECT * FROM `yershop_picture` WHERE `status` = 1 AND `id` = 105 LIMIT 1   [ RunTime:0.0013s ]
NOTIC: [8] Undefined variable: v E:\wamp\www\6666\Runtime\Cache\Home\769e70f2e46f34ceb60619bbda5e4691.php 第 357 行.
SQL: SELECT * FROM `yershop_document_product` WHERE `id` = null LIMIT 1   [ RunTime:0.0018s ]
SQL: SELECT * FROM `yershop_picture` WHERE `status` = 1 AND `id` = 104 LIMIT 1   [ RunTime:0.0016s ]
NOTIC: [8] Undefined variable: v E:\wamp\www\6666\Runtime\Cache\Home\769e70f2e46f34ceb60619bbda5e4691.php 第 357 行.
SQL: SELECT * FROM `yershop_document_product` WHERE `id` = null LIMIT 1   [ RunTime:0.0017s ]
SQL: SELECT * FROM `yershop_picture` WHERE `status` = 1 AND `id` = 91 LIMIT 1   [ RunTime:0.0013s ]
NOTIC: [8] Undefined variable: v E:\wamp\www\6666\Runtime\Cache\Home\769e70f2e46f34ceb60619bbda5e4691.php 第 357 行.
SQL: SELECT * FROM `yershop_document_product` WHERE `id` = null LIMIT 1   [ RunTime:0.0014s ]
SQL: SELECT * FROM `yershop_picture` WHERE `status` = 1 AND `id` = 103 LIMIT 1   [ RunTime:0.0013s ]
NOTIC: [8] Undefined variable: v E:\wamp\www\6666\Runtime\Cache\Home\769e70f2e46f34ceb60619bbda5e4691.php 第 357 行.
SQL: SELECT * FROM `yershop_document_product` WHERE `id` = null LIMIT 1   [ RunTime:0.0013s ]
SQL: SELECT * FROM `yershop_picture` WHERE `status` = 1 AND `id` = 101 LIMIT 1   [ RunTime:0.0033s ]
NOTIC: [8] Undefined variable: v E:\wamp\www\6666\Runtime\Cache\Home\769e70f2e46f34ceb60619bbda5e4691.php 第 357 行.
SQL: SELECT * FROM `yershop_document_product` WHERE `id` = null LIMIT 1   [ RunTime:0.0020s ]
SQL: SELECT * FROM `yershop_picture` WHERE `status` = 1 AND `id` = 99 LIMIT 1   [ RunTime:0.0017s ]
NOTIC: [8] Undefined variable: v E:\wamp\www\6666\Runtime\Cache\Home\769e70f2e46f34ceb60619bbda5e4691.php 第 357 行.
SQL: SELECT * FROM `yershop_document_product` WHERE `id` = null LIMIT 1   [ RunTime:0.0015s ]
SQL: SELECT * FROM `yershop_picture` WHERE `status` = 1 AND `id` = 98 LIMIT 1   [ RunTime:0.0021s ]
NOTIC: [8] Undefined variable: v E:\wamp\www\6666\Runtime\Cache\Home\769e70f2e46f34ceb60619bbda5e4691.php 第 357 行.
SQL: SELECT * FROM `yershop_document_product` WHERE `id` = null LIMIT 1   [ RunTime:0.0018s ]
SQL: SELECT * FROM `yershop_picture` WHERE `status` = 1 AND `id` = 88 LIMIT 1   [ RunTime:0.0017s ]
SQL: SELECT * FROM `yershop_picture` WHERE `status` = 1 AND `id` = 97 LIMIT 1   [ RunTime:0.0014s ]
NOTIC: [8] Undefined variable: v E:\wamp\www\6666\Runtime\Cache\Home\769e70f2e46f34ceb60619bbda5e4691.php 第 357 行.
SQL: SELECT * FROM `yershop_document_product` WHERE `id` = null LIMIT 1   [ RunTime:0.0020s ]
SQL: SELECT * FROM `yershop_picture` WHERE `status` = 1 AND `id` = 96 LIMIT 1   [ RunTime:0.0023s ]
NOTIC: [8] Undefined variable: v E:\wamp\www\6666\Runtime\Cache\Home\769e70f2e46f34ceb60619bbda5e4691.php 第 357 行.
SQL: SELECT * FROM `yershop_document_product` WHERE `id` = null LIMIT 1   [ RunTime:0.0018s ]
SQL: SELECT * FROM `yershop_picture` WHERE `status` = 1 AND `id` = 95 LIMIT 1   [ RunTime:0.0015s ]
NOTIC: [8] Undefined variable: v E:\wamp\www\6666\Runtime\Cache\Home\769e70f2e46f34ceb60619bbda5e4691.php 第 357 行.
SQL: SELECT * FROM `yershop_document_product` WHERE `id` = null LIMIT 1   [ RunTime:0.0024s ]
SQL: SELECT * FROM `yershop_picture` WHERE `status` = 1 AND `id` = 92 LIMIT 1   [ RunTime:0.0014s ]
NOTIC: [8] Undefined variable: v E:\wamp\www\6666\Runtime\Cache\Home\769e70f2e46f34ceb60619bbda5e4691.php 第 357 行.
SQL: SELECT * FROM `yershop_document_product` WHERE `id` = null LIMIT 1   [ RunTime:0.0025s ]
SQL: SELECT * FROM `yershop_picture` WHERE `status` = 1 AND `id` = 86 LIMIT 1   [ RunTime:0.0016s ]
SQL: SELECT * FROM `yershop_picture` WHERE `status` = 1 AND `id` = 89 LIMIT 1   [ RunTime:0.0016s ]
NOTIC: [8] Undefined variable: v E:\wamp\www\6666\Runtime\Cache\Home\769e70f2e46f34ceb60619bbda5e4691.php 第 357 行.
SQL: SELECT * FROM `yershop_document_product` WHERE `id` = null LIMIT 1   [ RunTime:0.0017s ]
SQL: SELECT * FROM `yershop_picture` WHERE `status` = 1 AND `id` = 62 LIMIT 1   [ RunTime:0.0025s ]
SQL: SELECT * FROM `yershop_picture` WHERE `status` = 1 AND `id` = 62 LIMIT 1   [ RunTime:0.0016s ]
SQL: SELECT * FROM `yershop_picture` WHERE `status` = 1 AND `id` = 57 LIMIT 1   [ RunTime:0.0014s ]
SQL: SELECT * FROM `yershop_picture` WHERE `status` = 1 AND `id` = 59 LIMIT 1   [ RunTime:0.0014s ]
SQL: SELECT * FROM `yershop_picture` WHERE `status` = 1 AND `id` = 56 LIMIT 1   [ RunTime:0.0015s ]
SQL: SELECT * FROM `yershop_picture` WHERE `status` = 1 AND `id` = 111 LIMIT 1   [ RunTime:0.0014s ]
NOTIC: [8] Undefined variable: v E:\wamp\www\6666\Runtime\Cache\Home\769e70f2e46f34ceb60619bbda5e4691.php 第 357 行.
SQL: SELECT * FROM `yershop_document_product` WHERE `id` = null LIMIT 1   [ RunTime:0.0029s ]
NOTIC: [8] Undefined variable: url E:\wamp\www\6666\Runtime\Cache\Home\769e70f2e46f34ceb60619bbda5e4691.php 第 384 行.
INFO: Run Behavior\ParseTemplateBehavior [ RunTime:0.821545s ]
INFO: [ view_parse ] --END-- [ RunTime:0.821708s ]
INFO: [ view_filter ] --START--
INFO: Run Behavior\WriteHtmlCacheBehavior [ RunTime:0.000668s ]
INFO: [ view_filter ] --END-- [ RunTime:0.000822s ]
INFO: [ app_end ] --START--
INFO: Run Behavior\ShowPageTraceBehavior [ RunTime:0.002023s ]
INFO: [ app_end ] --END-- [ RunTime:0.002246s ]

[ 2015-05-02T22:10:27+08:00 ] 127.0.0.1 /6666/index.php
INFO: [ app_begin ] --START--
INFO: Run Behavior\ReadHtmlCacheBehavior [ RunTime:0.002227s ]
INFO: [ app_begin ] --END-- [ RunTime:0.004432s ]
SQL: SHOW COLUMNS FROM `yershop_config` [ RunTime:0.0561s ]
SQL: SELECT `type`,`name`,`value` FROM `yershop_config` WHERE `status` = 1  [ RunTime:0.0020s ]
NOTIC: [8] Use of undefined constant HTTP_CLIENT_IP - assumed 'HTTP_CLIENT_IP' E:\wamp\www\6666\Application\Common\Common\function.php 第 821 行.
NOTIC: [8] Use of undefined constant HTTP_X_FORWARDED_FOR - assumed 'HTTP_X_FORWARDED_FOR' E:\wamp\www\6666\Application\Common\Common\function.php 第 823 行.
NOTIC: [8] Use of undefined constant REMOTE_ADDR - assumed 'REMOTE_ADDR' E:\wamp\www\6666\Application\Common\Common\function.php 第 825 行.
NOTIC: [8] Use of undefined constant REMOTE_ADDR - assumed 'REMOTE_ADDR' E:\wamp\www\6666\Application\Common\Common\function.php 第 825 行.
NOTIC: [8] Use of undefined constant unknown - assumed 'unknown' E:\wamp\www\6666\Application\Common\Common\function.php 第 825 行.
NOTIC: [8] Use of undefined constant REMOTE_ADDR - assumed 'REMOTE_ADDR' E:\wamp\www\6666\Application\Common\Common\function.php 第 826 行.
SQL: SHOW COLUMNS FROM `yershop_records` [ RunTime:0.0303s ]
SQL: SELECT * FROM `yershop_records` WHERE ( ip='127.0.0.1' and tag='1' and page='index' )  [ RunTime:0.0029s ]
SQL: SELECT `time` FROM `yershop_records` WHERE ( ip='127.0.0.1' and tag='1' and page='index' ) ORDER BY id desc LIMIT 1   [ RunTime:0.0014s ]
SQL: SHOW COLUMNS FROM `yershop_category` [ RunTime:0.0694s ]
SQL: SHOW COLUMNS FROM `yershop_category` [ RunTime:0.0801s ]
SQL: SELECT `id`,`name`,`pid`,`title` FROM `yershop_category` WHERE ( display="1"and ismenu="1"  ) ORDER BY sort desc  [ RunTime:0.0032s ]
SQL: SHOW COLUMNS FROM `yershop_document` [ RunTime:0.0901s ]
SQL: SHOW COLUMNS FROM `yershop_category` [ RunTime:0.0709s ]
SQL: SELECT `id` FROM `yershop_category` WHERE ( display=1 and pid=0 )  [ RunTime:0.0022s ]
SQL: SHOW COLUMNS FROM `yershop_slide` [ RunTime:0.0431s ]
SQL: SELECT * FROM `yershop_slide` WHERE ( status=1 )  [ RunTime:0.0020s ]
SQL: SHOW COLUMNS FROM `yershop_document_product` [ RunTime:0.0628s ]
SQL: SELECT * FROM `yershop_document_product` WHERE ( mark="2" ) ORDER BY id desc LIMIT 6   [ RunTime:0.0028s ]
SQL: SELECT * FROM `yershop_document_product` ORDER BY id desc LIMIT 6   [ RunTime:0.0030s ]
SQL: SHOW COLUMNS FROM `yershop_document` [ RunTime:0.0644s ]
SQL: SELECT * FROM `yershop_document` ORDER BY sale desc LIMIT 6   [ RunTime:0.0055s ]
SQL: SELECT * FROM `yershop_document` WHERE ( position="4" )  [ RunTime:0.0023s ]
SQL: SHOW COLUMNS FROM `yershop_config` [ RunTime:0.0524s ]
SQL: SELECT `value` FROM `yershop_config` WHERE ( id="40" ) LIMIT 1   [ RunTime:0.0018s ]
SQL: SHOW COLUMNS FROM `yershop_shopcart` [ RunTime:0.0575s ]
SQL: SHOW COLUMNS FROM `yershop_member` [ RunTime:0.0993s ]
SQL: SELECT * FROM `yershop_shopcart` WHERE `uid` = null  [ RunTime:0.0014s ]
NOTIC: [8] Undefined index: cart E:\wamp\www\6666\Application\Home\Controller\IndexController.class.php 第 59 行.
SQL: SELECT `type`,`name`,`value` FROM `yershop_config` WHERE `status` = 1  [ RunTime:0.0019s ]
SQL: SELECT * FROM `yershop_category` WHERE ( ismenu='2' and pid='0' ) ORDER BY id asc  [ RunTime:0.0024s ]
SQL: SELECT * FROM `yershop_category` WHERE ( pid='77' )  [ RunTime:0.0020s ]
SQL: SELECT * FROM `yershop_category` WHERE ( pid='133' )  [ RunTime:0.0023s ]
SQL: SELECT * FROM `yershop_category` WHERE ( pid='137' )  [ RunTime:0.0033s ]
SQL: SELECT * FROM `yershop_category` WHERE ( pid='141' )  [ RunTime:0.0031s ]
SQL: SELECT `id`,`name`,`title`,`pid`,`sort`,`list_row`,`meta_title`,`keywords`,`description`,`template_index`,`template_lists`,`template_detail`,`template_edit`,`model`,`model_sub`,`type`,`link_id`,`allow_publish`,`display`,`reply`,`check`,`reply_model`,`extend`,`create_time`,`update_time`,`status`,`icon`,`ismenu` FROM `yershop_category` WHERE `status` = 1 AND `ismenu` = 1 ORDER BY sort desc  [ RunTime:0.0052s ]
SQL: SHOW COLUMNS FROM `yershop_document` [ RunTime:0.0423s ]
SQL: SELECT * FROM `yershop_document` WHERE `category_id` IN (52,58,124,57,126) AND `status` = 1 ORDER BY id desc LIMIT 10   [ RunTime:0.0027s ]
SQL: SELECT * FROM `yershop_document` WHERE `category_id` IN (107,104,110,105,109) AND `status` = 1 ORDER BY id desc LIMIT 10   [ RunTime:0.0036s ]
NOTIC: [8] Undefined index: _ E:\wamp\www\6666\Application\Home\Controller\IndexController.class.php 第 164 行.
NOTIC: [2] Invalid argument supplied for foreach() E:\wamp\www\6666\Application\Home\Controller\IndexController.class.php 第 164 行.
NOTIC: [8] Undefined index: _ E:\wamp\www\6666\Application\Home\Controller\IndexController.class.php 第 164 行.
NOTIC: [2] Invalid argument supplied for foreach() E:\wamp\www\6666\Application\Home\Controller\IndexController.class.php 第 164 行.
SQL: SELECT * FROM `yershop_document` WHERE `category_id` IN (75,115,116,129,117,118,123,119) AND `status` = 1 ORDER BY id desc LIMIT 10   [ RunTime:0.0063s ]
SQL: SELECT * FROM `yershop_document` WHERE `category_id` IN (71,81,82,83,84,86,87,88) AND `status` = 1 ORDER BY id desc LIMIT 10   [ RunTime:0.0050s ]
SQL: SELECT * FROM `yershop_document` WHERE `category_id` IN (72,92,93,94,96,99,100,101) AND `status` = 1 ORDER BY id desc LIMIT 10   [ RunTime:0.0039s ]
SQL: SELECT * FROM `yershop_document` WHERE `category_id` IN (73,97,98,102,103) AND `status` = 1 ORDER BY id desc LIMIT 10   [ RunTime:0.0047s ]
NOTIC: [8] Undefined index: _ E:\wamp\www\6666\Application\Home\Controller\IndexController.class.php 第 164 行.
NOTIC: [2] Invalid argument supplied for foreach() E:\wamp\www\6666\Application\Home\Controller\IndexController.class.php 第 164 行.
SQL: SELECT * FROM `yershop_document` WHERE `category_id` IN (76,120,121,122) AND `status` = 1 ORDER BY id desc LIMIT 10   [ RunTime:0.0028s ]
SQL: SELECT * FROM `yershop_document` WHERE `category_id` IN (90,106,108) AND `status` = 1 ORDER BY id desc LIMIT 10   [ RunTime:0.0030s ]
SQL: SELECT * FROM `yershop_document` WHERE `category_id` IN (111,112,114) AND `status` = 1 ORDER BY id desc LIMIT 10   [ RunTime:0.0027s ]
INFO: [ view_parse ] --START--
INFO: [ template_filter ] --START--
INFO: Run Behavior\ContentReplaceBehavior [ RunTime:0.000841s ]
INFO: [ template_filter ] --END-- [ RunTime:0.000978s ]
SQL: SHOW COLUMNS FROM `yershop_channel` [ RunTime:0.0281s ]
SQL: SELECT `id`,`pid`,`title`,`url`,`sort`,`create_time`,`update_time`,`status`,`target` FROM `yershop_channel` WHERE ( status=1 ) ORDER BY sort  [ RunTime:0.0013s ]
SQL: SHOW COLUMNS FROM `yershop_picture` [ RunTime:0.0243s ]
SQL: SELECT * FROM `yershop_picture` WHERE `status` = 1 AND `id` = 50 LIMIT 1   [ RunTime:0.0032s ]
SQL: SELECT * FROM `yershop_picture` WHERE `status` = 1 AND `id` = 49 LIMIT 1   [ RunTime:0.0016s ]
SQL: SELECT * FROM `yershop_picture` WHERE `status` = 1 AND `id` = 34 LIMIT 1   [ RunTime:0.0015s ]
SQL: SELECT * FROM `yershop_picture` WHERE `status` = 1 AND `id` = 48 LIMIT 1   [ RunTime:0.0016s ]
SQL: SELECT * FROM `yershop_picture` WHERE `status` = 1 AND `id` = 33 LIMIT 1   [ RunTime:0.0019s ]
SQL: SELECT `id`,`name`,`title`,`pid`,`sort`,`list_row`,`meta_title`,`keywords`,`description`,`template_index`,`template_lists`,`template_detail`,`template_edit`,`model`,`model_sub`,`type`,`link_id`,`allow_publish`,`display`,`reply`,`check`,`reply_model`,`extend`,`create_time`,`update_time`,`status`,`icon`,`ismenu` FROM `yershop_category` WHERE `id` = 56 LIMIT 1   [ RunTime:0.0031s ]
SQL: SELECT `id`,`name`,`pid`,`title`,`link_id` FROM `yershop_category` WHERE `status` = 1 AND `ismenu` = 1 ORDER BY sort desc  [ RunTime:0.0022s ]
SQL: SELECT `id`,`uid`,`name`,`title`,`category_id`,`description`,`root`,`pid`,`model_id`,`type`,`position`,`link_id`,`cover_id`,`display`,`deadline`,`attach`,`view`,`comment`,`extend`,`level`,`create_time`,`update_time`,`status`,`price`,`tuan_price`,`qg_price`,`ms_price`,`brand`,`sale`,`percent` FROM `yershop_document` WHERE `status` = 1 AND `pid` = 0 AND `category_id` IN ('in','56','56') AND `create_time` < 1430575825 AND ( deadline = 0 OR deadline > 1430575825 ) ORDER BY `level` DESC,`id` DESC LIMIT 0,10   [ RunTime:0.0032s ]
NOTIC: [8] Undefined variable: article E:\wamp\www\6666\Runtime\Cache\Home\769e70f2e46f34ceb60619bbda5e4691.php 第 323 行.
SQL: SELECT * FROM `yershop_picture` WHERE `status` = 1 AND `id` = 85 LIMIT 1   [ RunTime:0.0016s ]
SQL: SELECT * FROM `yershop_picture` WHERE `status` = 1 AND `id` = 66 LIMIT 1   [ RunTime:0.0013s ]
NOTIC: [8] Undefined variable: v E:\wamp\www\6666\Runtime\Cache\Home\769e70f2e46f34ceb60619bbda5e4691.php 第 357 行.
SQL: SELECT * FROM `yershop_document_product` WHERE `id` = null LIMIT 1   [ RunTime:0.0011s ]
SQL: SELECT * FROM `yershop_picture` WHERE `status` = 1 AND `id` = 23 LIMIT 1   [ RunTime:0.0010s ]
NOTIC: [8] Undefined variable: v E:\wamp\www\6666\Runtime\Cache\Home\769e70f2e46f34ceb60619bbda5e4691.php 第 357 行.
SQL: SELECT * FROM `yershop_document_product` WHERE `id` = null LIMIT 1   [ RunTime:0.0010s ]
SQL: SELECT * FROM `yershop_picture` WHERE `status` = 1 AND `id` = 24 LIMIT 1   [ RunTime:0.0013s ]
NOTIC: [8] Undefined variable: v E:\wamp\www\6666\Runtime\Cache\Home\769e70f2e46f34ceb60619bbda5e4691.php 第 357 行.
SQL: SELECT * FROM `yershop_document_product` WHERE `id` = null LIMIT 1   [ RunTime:0.0011s ]
SQL: SELECT * FROM `yershop_picture` WHERE `status` = 1 AND `id` = 21 LIMIT 1   [ RunTime:0.0010s ]
NOTIC: [8] Undefined variable: v E:\wamp\www\6666\Runtime\Cache\Home\769e70f2e46f34ceb60619bbda5e4691.php 第 357 行.
SQL: SELECT * FROM `yershop_document_product` WHERE `id` = null LIMIT 1   [ RunTime:0.0011s ]
SQL: SELECT * FROM `yershop_picture` WHERE `status` = 1 AND `id` = 20 LIMIT 1   [ RunTime:0.0013s ]
NOTIC: [8] Undefined variable: v E:\wamp\www\6666\Runtime\Cache\Home\769e70f2e46f34ceb60619bbda5e4691.php 第 357 行.
SQL: SELECT * FROM `yershop_document_product` WHERE `id` = null LIMIT 1   [ RunTime:0.0012s ]
SQL: SELECT * FROM `yershop_picture` WHERE `status` = 1 AND `id` = 17 LIMIT 1   [ RunTime:0.0010s ]
NOTIC: [8] Undefined variable: v E:\wamp\www\6666\Runtime\Cache\Home\769e70f2e46f34ceb60619bbda5e4691.php 第 357 行.
SQL: SELECT * FROM `yershop_document_product` WHERE `id` = null LIMIT 1   [ RunTime:0.0010s ]
SQL: SELECT * FROM `yershop_picture` WHERE `status` = 1 AND `id` = 9 LIMIT 1   [ RunTime:0.0011s ]
NOTIC: [8] Undefined variable: v E:\wamp\www\6666\Runtime\Cache\Home\769e70f2e46f34ceb60619bbda5e4691.php 第 357 行.
SQL: SELECT * FROM `yershop_document_product` WHERE `id` = null LIMIT 1   [ RunTime:0.0010s ]
SQL: SELECT * FROM `yershop_picture` WHERE `status` = 1 AND `id` = 7 LIMIT 1   [ RunTime:0.0015s ]
NOTIC: [8] Undefined variable: v E:\wamp\www\6666\Runtime\Cache\Home\769e70f2e46f34ceb60619bbda5e4691.php 第 357 行.
SQL: SELECT * FROM `yershop_document_product` WHERE `id` = null LIMIT 1   [ RunTime:0.0015s ]
SQL: SELECT * FROM `yershop_picture` WHERE `status` = 1 AND `id` = 15 LIMIT 1   [ RunTime:0.0018s ]
NOTIC: [8] Undefined variable: v E:\wamp\www\6666\Runtime\Cache\Home\769e70f2e46f34ceb60619bbda5e4691.php 第 357 行.
SQL: SELECT * FROM `yershop_document_product` WHERE `id` = null LIMIT 1   [ RunTime:0.0014s ]
SQL: SELECT * FROM `yershop_picture` WHERE `status` = 1 AND `id` = 87 LIMIT 1   [ RunTime:0.0012s ]
SQL: SELECT * FROM `yershop_picture` WHERE `status` = 1 AND `id` = 110 LIMIT 1   [ RunTime:0.0011s ]
NOTIC: [8] Undefined variable: v E:\wamp\www\6666\Runtime\Cache\Home\769e70f2e46f34ceb60619bbda5e4691.php 第 357 行.
SQL: SELECT * FROM `yershop_document_product` WHERE `id` = null LIMIT 1   [ RunTime:0.0012s ]
SQL: SELECT * FROM `yershop_picture` WHERE `status` = 1 AND `id` = 108 LIMIT 1   [ RunTime:0.0011s ]
NOTIC: [8] Undefined variable: v E:\wamp\www\6666\Runtime\Cache\Home\769e70f2e46f34ceb60619bbda5e4691.php 第 357 行.
SQL: SELECT * FROM `yershop_document_product` WHERE `id` = null LIMIT 1   [ RunTime:0.0011s ]
SQL: SELECT * FROM `yershop_picture` WHERE `status` = 1 AND `id` = 107 LIMIT 1   [ RunTime:0.0012s ]
NOTIC: [8] Undefined variable: v E:\wamp\www\6666\Runtime\Cache\Home\769e70f2e46f34ceb60619bbda5e4691.php 第 357 行.
SQL: SELECT * FROM `yershop_document_product` WHERE `id` = null LIMIT 1   [ RunTime:0.0015s ]
SQL: SELECT * FROM `yershop_picture` WHERE `status` = 1 AND `id` = 105 LIMIT 1   [ RunTime:0.0013s ]
NOTIC: [8] Undefined variable: v E:\wamp\www\6666\Runtime\Cache\Home\769e70f2e46f34ceb60619bbda5e4691.php 第 357 行.
SQL: SELECT * FROM `yershop_document_product` WHERE `id` = null LIMIT 1   [ RunTime:0.0011s ]
SQL: SELECT * FROM `yershop_picture` WHERE `status` = 1 AND `id` = 104 LIMIT 1   [ RunTime:0.0012s ]
NOTIC: [8] Undefined variable: v E:\wamp\www\6666\Runtime\Cache\Home\769e70f2e46f34ceb60619bbda5e4691.php 第 357 行.
SQL: SELECT * FROM `yershop_document_product` WHERE `id` = null LIMIT 1   [ RunTime:0.0016s ]
SQL: SELECT * FROM `yershop_picture` WHERE `status` = 1 AND `id` = 91 LIMIT 1   [ RunTime:0.0026s ]
NOTIC: [8] Undefined variable: v E:\wamp\www\6666\Runtime\Cache\Home\769e70f2e46f34ceb60619bbda5e4691.php 第 357 行.
SQL: SELECT * FROM `yershop_document_product` WHERE `id` = null LIMIT 1   [ RunTime:0.0027s ]
SQL: SELECT * FROM `yershop_picture` WHERE `status` = 1 AND `id` = 103 LIMIT 1   [ RunTime:0.0018s ]
NOTIC: [8] Undefined variable: v E:\wamp\www\6666\Runtime\Cache\Home\769e70f2e46f34ceb60619bbda5e4691.php 第 357 行.
SQL: SELECT * FROM `yershop_document_product` WHERE `id` = null LIMIT 1   [ RunTime:0.0020s ]
SQL: SELECT * FROM `yershop_picture` WHERE `status` = 1 AND `id` = 101 LIMIT 1   [ RunTime:0.0018s ]
NOTIC: [8] Undefined variable: v E:\wamp\www\6666\Runtime\Cache\Home\769e70f2e46f34ceb60619bbda5e4691.php 第 357 行.
SQL: SELECT * FROM `yershop_document_product` WHERE `id` = null LIMIT 1   [ RunTime:0.0018s ]
SQL: SELECT * FROM `yershop_picture` WHERE `status` = 1 AND `id` = 99 LIMIT 1   [ RunTime:0.0017s ]
NOTIC: [8] Undefined variable: v E:\wamp\www\6666\Runtime\Cache\Home\769e70f2e46f34ceb60619bbda5e4691.php 第 357 行.
SQL: SELECT * FROM `yershop_document_product` WHERE `id` = null LIMIT 1   [ RunTime:0.0019s ]
SQL: SELECT * FROM `yershop_picture` WHERE `status` = 1 AND `id` = 98 LIMIT 1   [ RunTime:0.0024s ]
NOTIC: [8] Undefined variable: v E:\wamp\www\6666\Runtime\Cache\Home\769e70f2e46f34ceb60619bbda5e4691.php 第 357 行.
SQL: SELECT * FROM `yershop_document_product` WHERE `id` = null LIMIT 1   [ RunTime:0.0024s ]
SQL: SELECT * FROM `yershop_picture` WHERE `status` = 1 AND `id` = 88 LIMIT 1   [ RunTime:0.0022s ]
SQL: SELECT * FROM `yershop_picture` WHERE `status` = 1 AND `id` = 97 LIMIT 1   [ RunTime:0.0033s ]
NOTIC: [8] Undefined variable: v E:\wamp\www\6666\Runtime\Cache\Home\769e70f2e46f34ceb60619bbda5e4691.php 第 357 行.
SQL: SELECT * FROM `yershop_document_product` WHERE `id` = null LIMIT 1   [ RunTime:0.0024s ]
SQL: SELECT * FROM `yershop_picture` WHERE `status` = 1 AND `id` = 96 LIMIT 1   [ RunTime:0.0028s ]
NOTIC: [8] Undefined variable: v E:\wamp\www\6666\Runtime\Cache\Home\769e70f2e46f34ceb60619bbda5e4691.php 第 357 行.
SQL: SELECT * FROM `yershop_document_product` WHERE `id` = null LIMIT 1   [ RunTime:0.0024s ]
SQL: SELECT * FROM `yershop_picture` WHERE `status` = 1 AND `id` = 95 LIMIT 1   [ RunTime:0.0029s ]
NOTIC: [8] Undefined variable: v E:\wamp\www\6666\Runtime\Cache\Home\769e70f2e46f34ceb60619bbda5e4691.php 第 357 行.
SQL: SELECT * FROM `yershop_document_product` WHERE `id` = null LIMIT 1   [ RunTime:0.0025s ]
SQL: SELECT * FROM `yershop_picture` WHERE `status` = 1 AND `id` = 92 LIMIT 1   [ RunTime:0.0026s ]
NOTIC: [8] Undefined variable: v E:\wamp\www\6666\Runtime\Cache\Home\769e70f2e46f34ceb60619bbda5e4691.php 第 357 行.
SQL: SELECT * FROM `yershop_document_product` WHERE `id` = null LIMIT 1   [ RunTime:0.0028s ]
SQL: SELECT * FROM `yershop_picture` WHERE `status` = 1 AND `id` = 86 LIMIT 1   [ RunTime:0.0019s ]
SQL: SELECT * FROM `yershop_picture` WHERE `status` = 1 AND `id` = 89 LIMIT 1   [ RunTime:0.0020s ]
NOTIC: [8] Undefined variable: v E:\wamp\www\6666\Runtime\Cache\Home\769e70f2e46f34ceb60619bbda5e4691.php 第 357 行.
SQL: SELECT * FROM `yershop_document_product` WHERE `id` = null LIMIT 1   [ RunTime:0.0023s ]
SQL: SELECT * FROM `yershop_picture` WHERE `status` = 1 AND `id` = 62 LIMIT 1   [ RunTime:0.0022s ]
SQL: SELECT * FROM `yershop_picture` WHERE `status` = 1 AND `id` = 62 LIMIT 1   [ RunTime:0.0022s ]
SQL: SELECT * FROM `yershop_picture` WHERE `status` = 1 AND `id` = 57 LIMIT 1   [ RunTime:0.0020s ]
SQL: SELECT * FROM `yershop_picture` WHERE `status` = 1 AND `id` = 59 LIMIT 1   [ RunTime:0.0042s ]
SQL: SELECT * FROM `yershop_picture` WHERE `status` = 1 AND `id` = 56 LIMIT 1   [ RunTime:0.0022s ]
SQL: SELECT * FROM `yershop_picture` WHERE `status` = 1 AND `id` = 111 LIMIT 1   [ RunTime:0.0018s ]
NOTIC: [8] Undefined variable: v E:\wamp\www\6666\Runtime\Cache\Home\769e70f2e46f34ceb60619bbda5e4691.php 第 357 行.
SQL: SELECT * FROM `yershop_document_product` WHERE `id` = null LIMIT 1   [ RunTime:0.0022s ]
NOTIC: [8] Undefined variable: url E:\wamp\www\6666\Runtime\Cache\Home\769e70f2e46f34ceb60619bbda5e4691.php 第 384 行.
INFO: Run Behavior\ParseTemplateBehavior [ RunTime:0.763872s ]
INFO: [ view_parse ] --END-- [ RunTime:0.764223s ]
INFO: [ view_filter ] --START--
INFO: Run Behavior\WriteHtmlCacheBehavior [ RunTime:0.001002s ]
INFO: [ view_filter ] --END-- [ RunTime:0.001212s ]
INFO: [ app_end ] --START--
INFO: Run Behavior\ShowPageTraceBehavior [ RunTime:0.002419s ]
INFO: [ app_end ] --END-- [ RunTime:0.002629s ]

