[ 2015-07-03T09:32:24+08:00 ] 127.0.0.1 /
NOTIC: [8] Use of undefined constant HTTP_CLIENT_IP - assumed 'HTTP_CLIENT_IP' D:\techans\Application\Common\Common\function.php 第 821 行.
NOTIC: [8] Use of undefined constant HTTP_X_FORWARDED_FOR - assumed 'HTTP_X_FORWARDED_FOR' D:\techans\Application\Common\Common\function.php 第 823 行.
NOTIC: [8] Use of undefined constant REMOTE_ADDR - assumed 'REMOTE_ADDR' D:\techans\Application\Common\Common\function.php 第 825 行.
NOTIC: [8] Use of undefined constant REMOTE_ADDR - assumed 'REMOTE_ADDR' D:\techans\Application\Common\Common\function.php 第 825 行.
NOTIC: [8] Use of undefined constant unknown - assumed 'unknown' D:\techans\Application\Common\Common\function.php 第 825 行.
NOTIC: [8] Use of undefined constant REMOTE_ADDR - assumed 'REMOTE_ADDR' D:\techans\Application\Common\Common\function.php 第 826 行.
NOTIC: [8] Undefined index: HTTP_REFERER D:\techans\Application\Common\Common\function.php 第 852 行.
SQL: SHOW COLUMNS FROM `tc_records` [ RunTime:0.0380s ]
SQL: SELECT * FROM `tc_records` WHERE ( ip='127.0.0.1' and tag='1' and page='index' )  [ RunTime:0.0070s ]
SQL: SELECT `time` FROM `tc_records` WHERE ( ip='127.0.0.1' and tag='1' and page='index' ) ORDER BY id desc LIMIT 1   [ RunTime:0.0000s ]
SQL: INSERT INTO `tc_records` (`ip`,`country`,`province`,`city`,`isp`,`tag`,`page`,`time`,`url`) VALUES ('127.0.0.1','未分配或者内网IP','','','','1','index','1435887141','dev.techans.com/') [ RunTime:0.0080s ]
SQL: SHOW COLUMNS FROM `tc_category` [ RunTime:0.0300s ]
SQL: SHOW COLUMNS FROM `tc_category` [ RunTime:0.0060s ]
SQL: SELECT `id`,`name`,`pid`,`title` FROM `tc_category` WHERE ( display="1"and ismenu="1"  ) ORDER BY sort desc  [ RunTime:0.0160s ]
SQL: SHOW COLUMNS FROM `tc_document` [ RunTime:0.0220s ]
SQL: SHOW COLUMNS FROM `tc_category` [ RunTime:0.0060s ]
SQL: SELECT `id` FROM `tc_category` WHERE ( display=1 and pid=0 )  [ RunTime:0.0010s ]
SQL: SHOW COLUMNS FROM `tc_slide` [ RunTime:0.0240s ]
SQL: SELECT * FROM `tc_slide` WHERE ( status=1 )  [ RunTime:0.0010s ]
SQL: SHOW COLUMNS FROM `tc_document_product` [ RunTime:0.0240s ]
SQL: SELECT * FROM `tc_document_product` WHERE ( mark="2" ) ORDER BY id desc LIMIT 6   [ RunTime:0.0080s ]
SQL: SELECT * FROM `tc_document_product` ORDER BY id desc LIMIT 6   [ RunTime:0.0010s ]
SQL: SHOW COLUMNS FROM `tc_document` [ RunTime:0.0070s ]
SQL: SELECT * FROM `tc_document` ORDER BY sale desc LIMIT 6   [ RunTime:0.0090s ]
SQL: SELECT * FROM `tc_document` WHERE ( position="4" )  [ RunTime:0.0010s ]
SQL: SHOW COLUMNS FROM `tc_config` [ RunTime:0.0070s ]
SQL: SELECT `value` FROM `tc_config` WHERE ( id="40" ) LIMIT 1   [ RunTime:0.0010s ]
SQL: SHOW COLUMNS FROM `tc_shopcart` [ RunTime:0.0240s ]
SQL: SHOW COLUMNS FROM `tc_member` [ RunTime:0.0230s ]
SQL: SELECT * FROM `tc_shopcart` WHERE `uid` = null  [ RunTime:0.0000s ]
NOTIC: [8] Undefined index: cart D:\techans\Application\Home\Controller\IndexController.class.php 第 59 行.
SQL: SELECT `type`,`name`,`value` FROM `tc_config` WHERE `status` = 1  [ RunTime:0.0010s ]
SQL: SELECT * FROM `tc_category` WHERE ( ismenu='2' and pid='0' ) ORDER BY id asc  [ RunTime:0.0020s ]
SQL: SELECT * FROM `tc_category` WHERE ( pid='77' )  [ RunTime:0.0010s ]
SQL: SELECT * FROM `tc_category` WHERE ( pid='133' )  [ RunTime:0.0010s ]
SQL: SELECT * FROM `tc_category` WHERE ( pid='137' )  [ RunTime:0.0020s ]
SQL: SELECT * FROM `tc_category` WHERE ( pid='141' )  [ RunTime:0.0010s ]
SQL: SELECT `id`,`name`,`title`,`pid`,`sort`,`list_row`,`meta_title`,`keywords`,`description`,`template_index`,`template_lists`,`template_detail`,`template_edit`,`model`,`model_sub`,`type`,`link_id`,`allow_publish`,`display`,`reply`,`check`,`reply_model`,`extend`,`create_time`,`update_time`,`status`,`icon`,`ismenu` FROM `tc_category` WHERE `status` = 1 AND `ismenu` = 1 ORDER BY sort desc  [ RunTime:0.0010s ]
SQL: SHOW COLUMNS FROM `tc_document` [ RunTime:0.0080s ]
SQL: SELECT * FROM `tc_document` WHERE `category_id` IN ('52','58','124','57','126') AND `status` = 1 ORDER BY id desc LIMIT 10   [ RunTime:0.0020s ]
SQL: SELECT * FROM `tc_document` WHERE `category_id` IN ('107','104','110','105','109') AND `status` = 1 ORDER BY id desc LIMIT 10   [ RunTime:0.0010s ]
NOTIC: [8] Undefined index: _ D:\techans\Application\Home\Controller\IndexController.class.php 第 164 行.
NOTIC: [2] Invalid argument supplied for foreach() D:\techans\Application\Home\Controller\IndexController.class.php 第 164 行.
NOTIC: [8] Undefined index: _ D:\techans\Application\Home\Controller\IndexController.class.php 第 164 行.
NOTIC: [2] Invalid argument supplied for foreach() D:\techans\Application\Home\Controller\IndexController.class.php 第 164 行.
SQL: SELECT * FROM `tc_document` WHERE `category_id` IN ('75','115','116','129','117','118','123','119') AND `status` = 1 ORDER BY id desc LIMIT 10   [ RunTime:0.0010s ]
SQL: SELECT * FROM `tc_document` WHERE `category_id` IN ('71','81','82','83','84','86','87','88') AND `status` = 1 ORDER BY id desc LIMIT 10   [ RunTime:0.0020s ]
SQL: SELECT * FROM `tc_document` WHERE `category_id` IN ('72','92','93','94','96','99','100','101') AND `status` = 1 ORDER BY id desc LIMIT 10   [ RunTime:0.0010s ]
SQL: SELECT * FROM `tc_document` WHERE `category_id` IN ('73','97','98','102','103') AND `status` = 1 ORDER BY id desc LIMIT 10   [ RunTime:0.0020s ]
NOTIC: [8] Undefined index: _ D:\techans\Application\Home\Controller\IndexController.class.php 第 164 行.
NOTIC: [2] Invalid argument supplied for foreach() D:\techans\Application\Home\Controller\IndexController.class.php 第 164 行.
SQL: SELECT * FROM `tc_document` WHERE `category_id` IN ('76','120','121','122') AND `status` = 1 ORDER BY id desc LIMIT 10   [ RunTime:0.0020s ]
SQL: SELECT * FROM `tc_document` WHERE `category_id` IN ('90','106','108') AND `status` = 1 ORDER BY id desc LIMIT 10   [ RunTime:0.0010s ]
SQL: SELECT * FROM `tc_document` WHERE `category_id` IN ('111','112','114') AND `status` = 1 ORDER BY id desc LIMIT 10   [ RunTime:0.0000s ]
INFO: [ view_parse ] --START--
INFO: [ template_filter ] --START--
INFO: Run Behavior\ContentReplaceBehavior [ RunTime:0.001000s ]
INFO: [ template_filter ] --END-- [ RunTime:0.004000s ]
SQL: SHOW COLUMNS FROM `tc_channel` [ RunTime:0.0290s ]
SQL: SELECT `id`,`pid`,`title`,`url`,`sort`,`create_time`,`update_time`,`status`,`target` FROM `tc_channel` WHERE ( status=1 ) ORDER BY sort  [ RunTime:0.0020s ]
SQL: SHOW COLUMNS FROM `tc_picture` [ RunTime:0.0190s ]
SQL: SELECT * FROM `tc_picture` WHERE `status` = 1 AND `id` = 50 LIMIT 1   [ RunTime:0.0100s ]
SQL: SELECT * FROM `tc_picture` WHERE `status` = 1 AND `id` = 49 LIMIT 1   [ RunTime:0.0010s ]
SQL: SELECT * FROM `tc_picture` WHERE `status` = 1 AND `id` = 34 LIMIT 1   [ RunTime:0.0010s ]
SQL: SELECT * FROM `tc_picture` WHERE `status` = 1 AND `id` = 48 LIMIT 1   [ RunTime:0.0020s ]
SQL: SELECT * FROM `tc_picture` WHERE `status` = 1 AND `id` = 33 LIMIT 1   [ RunTime:0.0000s ]
SQL: SELECT `id`,`name`,`title`,`pid`,`sort`,`list_row`,`meta_title`,`keywords`,`description`,`template_index`,`template_lists`,`template_detail`,`template_edit`,`model`,`model_sub`,`type`,`link_id`,`allow_publish`,`display`,`reply`,`check`,`reply_model`,`extend`,`create_time`,`update_time`,`status`,`icon`,`ismenu` FROM `tc_category` WHERE `id` = 56 LIMIT 1   [ RunTime:0.0010s ]
SQL: SELECT `id`,`name`,`pid`,`title`,`link_id` FROM `tc_category` WHERE `status` = 1 AND `ismenu` = 1 ORDER BY sort desc  [ RunTime:0.0010s ]
SQL: SELECT `id`,`uid`,`name`,`title`,`category_id`,`description`,`root`,`pid`,`model_id`,`type`,`position`,`link_id`,`cover_id`,`display`,`deadline`,`attach`,`view`,`comment`,`extend`,`level`,`create_time`,`update_time`,`status`,`price`,`tuan_price`,`qg_price`,`ms_price`,`brand`,`sale`,`percent` FROM `tc_document` WHERE `status` = 1 AND `pid` = 0 AND `category_id` IN ('in','56','56') AND `create_time` < 1435887141 AND ( deadline = 0 OR deadline > 1435887141 ) ORDER BY `level` DESC,`id` DESC LIMIT 0,10   [ RunTime:0.0010s ]
NOTIC: [8] Undefined variable: article D:\techans\Runtime\Cache\Home\769e70f2e46f34ceb60619bbda5e4691.php 第 323 行.
SQL: SELECT * FROM `tc_picture` WHERE `status` = 1 AND `id` = 85 LIMIT 1   [ RunTime:0.0060s ]
SQL: SELECT * FROM `tc_picture` WHERE `status` = 1 AND `id` = 66 LIMIT 1   [ RunTime:0.0010s ]
NOTIC: [8] Undefined variable: v D:\techans\Runtime\Cache\Home\769e70f2e46f34ceb60619bbda5e4691.php 第 357 行.
SQL: SELECT * FROM `tc_document_product` WHERE `id` = null LIMIT 1   [ RunTime:0.0020s ]
SQL: SELECT * FROM `tc_picture` WHERE `status` = 1 AND `id` = 23 LIMIT 1   [ RunTime:0.0040s ]
NOTIC: [8] Undefined variable: v D:\techans\Runtime\Cache\Home\769e70f2e46f34ceb60619bbda5e4691.php 第 357 行.
SQL: SELECT * FROM `tc_document_product` WHERE `id` = null LIMIT 1   [ RunTime:0.0010s ]
SQL: SELECT * FROM `tc_picture` WHERE `status` = 1 AND `id` = 24 LIMIT 1   [ RunTime:0.0010s ]
NOTIC: [8] Undefined variable: v D:\techans\Runtime\Cache\Home\769e70f2e46f34ceb60619bbda5e4691.php 第 357 行.
SQL: SELECT * FROM `tc_document_product` WHERE `id` = null LIMIT 1   [ RunTime:0.0010s ]
SQL: SELECT * FROM `tc_picture` WHERE `status` = 1 AND `id` = 21 LIMIT 1   [ RunTime:0.0010s ]
NOTIC: [8] Undefined variable: v D:\techans\Runtime\Cache\Home\769e70f2e46f34ceb60619bbda5e4691.php 第 357 行.
SQL: SELECT * FROM `tc_document_product` WHERE `id` = null LIMIT 1   [ RunTime:0.0000s ]
SQL: SELECT * FROM `tc_picture` WHERE `status` = 1 AND `id` = 20 LIMIT 1   [ RunTime:0.0020s ]
NOTIC: [8] Undefined variable: v D:\techans\Runtime\Cache\Home\769e70f2e46f34ceb60619bbda5e4691.php 第 357 行.
SQL: SELECT * FROM `tc_document_product` WHERE `id` = null LIMIT 1   [ RunTime:0.0010s ]
SQL: SELECT * FROM `tc_picture` WHERE `status` = 1 AND `id` = 17 LIMIT 1   [ RunTime:0.0010s ]
NOTIC: [8] Undefined variable: v D:\techans\Runtime\Cache\Home\769e70f2e46f34ceb60619bbda5e4691.php 第 357 行.
SQL: SELECT * FROM `tc_document_product` WHERE `id` = null LIMIT 1   [ RunTime:0.0010s ]
SQL: SELECT * FROM `tc_picture` WHERE `status` = 1 AND `id` = 9 LIMIT 1   [ RunTime:0.0010s ]
NOTIC: [8] Undefined variable: v D:\techans\Runtime\Cache\Home\769e70f2e46f34ceb60619bbda5e4691.php 第 357 行.
SQL: SELECT * FROM `tc_document_product` WHERE `id` = null LIMIT 1   [ RunTime:0.0000s ]
SQL: SELECT * FROM `tc_picture` WHERE `status` = 1 AND `id` = 7 LIMIT 1   [ RunTime:0.0000s ]
NOTIC: [8] Undefined variable: v D:\techans\Runtime\Cache\Home\769e70f2e46f34ceb60619bbda5e4691.php 第 357 行.
SQL: SELECT * FROM `tc_document_product` WHERE `id` = null LIMIT 1   [ RunTime:0.0010s ]
SQL: SELECT * FROM `tc_picture` WHERE `status` = 1 AND `id` = 15 LIMIT 1   [ RunTime:0.0010s ]
NOTIC: [8] Undefined variable: v D:\techans\Runtime\Cache\Home\769e70f2e46f34ceb60619bbda5e4691.php 第 357 行.
SQL: SELECT * FROM `tc_document_product` WHERE `id` = null LIMIT 1   [ RunTime:0.0010s ]
SQL: SELECT * FROM `tc_picture` WHERE `status` = 1 AND `id` = 87 LIMIT 1   [ RunTime:0.0010s ]
SQL: SELECT * FROM `tc_picture` WHERE `status` = 1 AND `id` = 110 LIMIT 1   [ RunTime:0.0010s ]
NOTIC: [8] Undefined variable: v D:\techans\Runtime\Cache\Home\769e70f2e46f34ceb60619bbda5e4691.php 第 357 行.
SQL: SELECT * FROM `tc_document_product` WHERE `id` = null LIMIT 1   [ RunTime:0.0010s ]
SQL: SELECT * FROM `tc_picture` WHERE `status` = 1 AND `id` = 108 LIMIT 1   [ RunTime:0.0020s ]
NOTIC: [8] Undefined variable: v D:\techans\Runtime\Cache\Home\769e70f2e46f34ceb60619bbda5e4691.php 第 357 行.
SQL: SELECT * FROM `tc_document_product` WHERE `id` = null LIMIT 1   [ RunTime:0.0010s ]
SQL: SELECT * FROM `tc_picture` WHERE `status` = 1 AND `id` = 107 LIMIT 1   [ RunTime:0.0010s ]
NOTIC: [8] Undefined variable: v D:\techans\Runtime\Cache\Home\769e70f2e46f34ceb60619bbda5e4691.php 第 357 行.
SQL: SELECT * FROM `tc_document_product` WHERE `id` = null LIMIT 1   [ RunTime:0.0010s ]
SQL: SELECT * FROM `tc_picture` WHERE `status` = 1 AND `id` = 105 LIMIT 1   [ RunTime:0.0000s ]
NOTIC: [8] Undefined variable: v D:\techans\Runtime\Cache\Home\769e70f2e46f34ceb60619bbda5e4691.php 第 357 行.
SQL: SELECT * FROM `tc_document_product` WHERE `id` = null LIMIT 1   [ RunTime:0.0020s ]
SQL: SELECT * FROM `tc_picture` WHERE `status` = 1 AND `id` = 104 LIMIT 1   [ RunTime:0.0000s ]
NOTIC: [8] Undefined variable: v D:\techans\Runtime\Cache\Home\769e70f2e46f34ceb60619bbda5e4691.php 第 357 行.
SQL: SELECT * FROM `tc_document_product` WHERE `id` = null LIMIT 1   [ RunTime:0.0000s ]
SQL: SELECT * FROM `tc_picture` WHERE `status` = 1 AND `id` = 91 LIMIT 1   [ RunTime:0.0020s ]
NOTIC: [8] Undefined variable: v D:\techans\Runtime\Cache\Home\769e70f2e46f34ceb60619bbda5e4691.php 第 357 行.
SQL: SELECT * FROM `tc_document_product` WHERE `id` = null LIMIT 1   [ RunTime:0.0010s ]
SQL: SELECT * FROM `tc_picture` WHERE `status` = 1 AND `id` = 103 LIMIT 1   [ RunTime:0.0000s ]
NOTIC: [8] Undefined variable: v D:\techans\Runtime\Cache\Home\769e70f2e46f34ceb60619bbda5e4691.php 第 357 行.
SQL: SELECT * FROM `tc_document_product` WHERE `id` = null LIMIT 1   [ RunTime:0.0010s ]
SQL: SELECT * FROM `tc_picture` WHERE `status` = 1 AND `id` = 101 LIMIT 1   [ RunTime:0.0010s ]
NOTIC: [8] Undefined variable: v D:\techans\Runtime\Cache\Home\769e70f2e46f34ceb60619bbda5e4691.php 第 357 行.
SQL: SELECT * FROM `tc_document_product` WHERE `id` = null LIMIT 1   [ RunTime:0.0010s ]
SQL: SELECT * FROM `tc_picture` WHERE `status` = 1 AND `id` = 99 LIMIT 1   [ RunTime:0.0010s ]
NOTIC: [8] Undefined variable: v D:\techans\Runtime\Cache\Home\769e70f2e46f34ceb60619bbda5e4691.php 第 357 行.
SQL: SELECT * FROM `tc_document_product` WHERE `id` = null LIMIT 1   [ RunTime:0.0010s ]
SQL: SELECT * FROM `tc_picture` WHERE `status` = 1 AND `id` = 98 LIMIT 1   [ RunTime:0.0010s ]
NOTIC: [8] Undefined variable: v D:\techans\Runtime\Cache\Home\769e70f2e46f34ceb60619bbda5e4691.php 第 357 行.
SQL: SELECT * FROM `tc_document_product` WHERE `id` = null LIMIT 1   [ RunTime:0.0010s ]
SQL: SELECT * FROM `tc_picture` WHERE `status` = 1 AND `id` = 88 LIMIT 1   [ RunTime:0.0010s ]
SQL: SELECT * FROM `tc_picture` WHERE `status` = 1 AND `id` = 97 LIMIT 1   [ RunTime:0.0010s ]
NOTIC: [8] Undefined variable: v D:\techans\Runtime\Cache\Home\769e70f2e46f34ceb60619bbda5e4691.php 第 357 行.
SQL: SELECT * FROM `tc_document_product` WHERE `id` = null LIMIT 1   [ RunTime:0.0010s ]
SQL: SELECT * FROM `tc_picture` WHERE `status` = 1 AND `id` = 96 LIMIT 1   [ RunTime:0.0010s ]
NOTIC: [8] Undefined variable: v D:\techans\Runtime\Cache\Home\769e70f2e46f34ceb60619bbda5e4691.php 第 357 行.
SQL: SELECT * FROM `tc_document_product` WHERE `id` = null LIMIT 1   [ RunTime:0.0000s ]
SQL: SELECT * FROM `tc_picture` WHERE `status` = 1 AND `id` = 95 LIMIT 1   [ RunTime:0.0010s ]
NOTIC: [8] Undefined variable: v D:\techans\Runtime\Cache\Home\769e70f2e46f34ceb60619bbda5e4691.php 第 357 行.
SQL: SELECT * FROM `tc_document_product` WHERE `id` = null LIMIT 1   [ RunTime:0.0010s ]
SQL: SELECT * FROM `tc_picture` WHERE `status` = 1 AND `id` = 92 LIMIT 1   [ RunTime:0.0010s ]
NOTIC: [8] Undefined variable: v D:\techans\Runtime\Cache\Home\769e70f2e46f34ceb60619bbda5e4691.php 第 357 行.
SQL: SELECT * FROM `tc_document_product` WHERE `id` = null LIMIT 1   [ RunTime:0.0000s ]
SQL: SELECT * FROM `tc_picture` WHERE `status` = 1 AND `id` = 86 LIMIT 1   [ RunTime:0.0010s ]
SQL: SELECT * FROM `tc_picture` WHERE `status` = 1 AND `id` = 89 LIMIT 1   [ RunTime:0.0010s ]
NOTIC: [8] Undefined variable: v D:\techans\Runtime\Cache\Home\769e70f2e46f34ceb60619bbda5e4691.php 第 357 行.
SQL: SELECT * FROM `tc_document_product` WHERE `id` = null LIMIT 1   [ RunTime:0.0000s ]
SQL: SELECT * FROM `tc_picture` WHERE `status` = 1 AND `id` = 62 LIMIT 1   [ RunTime:0.0010s ]
SQL: SELECT * FROM `tc_picture` WHERE `status` = 1 AND `id` = 62 LIMIT 1   [ RunTime:0.0000s ]
SQL: SELECT * FROM `tc_picture` WHERE `status` = 1 AND `id` = 57 LIMIT 1   [ RunTime:0.0000s ]
SQL: SELECT * FROM `tc_picture` WHERE `status` = 1 AND `id` = 59 LIMIT 1   [ RunTime:0.0010s ]
SQL: SELECT * FROM `tc_picture` WHERE `status` = 1 AND `id` = 56 LIMIT 1   [ RunTime:0.0010s ]
SQL: SELECT * FROM `tc_picture` WHERE `status` = 1 AND `id` = 111 LIMIT 1   [ RunTime:0.0010s ]
NOTIC: [8] Undefined variable: v D:\techans\Runtime\Cache\Home\769e70f2e46f34ceb60619bbda5e4691.php 第 357 行.
SQL: SELECT * FROM `tc_document_product` WHERE `id` = null LIMIT 1   [ RunTime:0.0010s ]
NOTIC: [8] Undefined variable: url D:\techans\Runtime\Cache\Home\769e70f2e46f34ceb60619bbda5e4691.php 第 384 行.
INFO: Run Behavior\ParseTemplateBehavior [ RunTime:1.549089s ]
INFO: [ view_parse ] --END-- [ RunTime:1.551089s ]
INFO: [ view_filter ] --START--
INFO: Run Behavior\WriteHtmlCacheBehavior [ RunTime:0.039002s ]
INFO: [ view_filter ] --END-- [ RunTime:0.041002s ]
INFO: [ app_end ] --START--
INFO: Run Behavior\ShowPageTraceBehavior [ RunTime:0.036002s ]
INFO: [ app_end ] --END-- [ RunTime:0.038002s ]

[ 2015-07-03T09:32:27+08:00 ] 127.0.0.1 /
INFO: [ app_begin ] --START--
INFO: Run Behavior\ReadHtmlCacheBehavior [ RunTime:0.001000s ]
INFO: [ app_begin ] --END-- [ RunTime:0.005000s ]
SQL: SHOW COLUMNS FROM `tc_config` [ RunTime:0.0080s ]
SQL: SELECT `type`,`name`,`value` FROM `tc_config` WHERE `status` = 1  [ RunTime:0.0020s ]
NOTIC: [8] Use of undefined constant HTTP_CLIENT_IP - assumed 'HTTP_CLIENT_IP' D:\techans\Application\Common\Common\function.php 第 821 行.
NOTIC: [8] Use of undefined constant HTTP_X_FORWARDED_FOR - assumed 'HTTP_X_FORWARDED_FOR' D:\techans\Application\Common\Common\function.php 第 823 行.
NOTIC: [8] Use of undefined constant REMOTE_ADDR - assumed 'REMOTE_ADDR' D:\techans\Application\Common\Common\function.php 第 825 行.
NOTIC: [8] Use of undefined constant REMOTE_ADDR - assumed 'REMOTE_ADDR' D:\techans\Application\Common\Common\function.php 第 825 行.
NOTIC: [8] Use of undefined constant unknown - assumed 'unknown' D:\techans\Application\Common\Common\function.php 第 825 行.
NOTIC: [8] Use of undefined constant REMOTE_ADDR - assumed 'REMOTE_ADDR' D:\techans\Application\Common\Common\function.php 第 826 行.
SQL: SHOW COLUMNS FROM `tc_records` [ RunTime:0.0100s ]
SQL: SELECT * FROM `tc_records` WHERE ( ip='127.0.0.1' and tag='1' and page='index' )  [ RunTime:0.0030s ]
SQL: SELECT `time` FROM `tc_records` WHERE ( ip='127.0.0.1' and tag='1' and page='index' ) ORDER BY id desc LIMIT 1   [ RunTime:0.0010s ]
SQL: SHOW COLUMNS FROM `tc_category` [ RunTime:0.0080s ]
SQL: SHOW COLUMNS FROM `tc_category` [ RunTime:0.0080s ]
SQL: SELECT `id`,`name`,`pid`,`title` FROM `tc_category` WHERE ( display="1"and ismenu="1"  ) ORDER BY sort desc  [ RunTime:0.0010s ]
SQL: SHOW COLUMNS FROM `tc_document` [ RunTime:0.0080s ]
SQL: SHOW COLUMNS FROM `tc_category` [ RunTime:0.0100s ]
SQL: SELECT `id` FROM `tc_category` WHERE ( display=1 and pid=0 )  [ RunTime:0.0380s ]
SQL: SHOW COLUMNS FROM `tc_slide` [ RunTime:0.0090s ]
SQL: SELECT * FROM `tc_slide` WHERE ( status=1 )  [ RunTime:0.0020s ]
SQL: SHOW COLUMNS FROM `tc_document_product` [ RunTime:0.0060s ]
SQL: SELECT * FROM `tc_document_product` WHERE ( mark="2" ) ORDER BY id desc LIMIT 6   [ RunTime:0.0010s ]
SQL: SELECT * FROM `tc_document_product` ORDER BY id desc LIMIT 6   [ RunTime:0.0010s ]
SQL: SHOW COLUMNS FROM `tc_document` [ RunTime:0.0060s ]
SQL: SELECT * FROM `tc_document` ORDER BY sale desc LIMIT 6   [ RunTime:0.0010s ]
SQL: SELECT * FROM `tc_document` WHERE ( position="4" )  [ RunTime:0.0010s ]
SQL: SHOW COLUMNS FROM `tc_config` [ RunTime:0.0050s ]
SQL: SELECT `value` FROM `tc_config` WHERE ( id="40" ) LIMIT 1   [ RunTime:0.0010s ]
SQL: SHOW COLUMNS FROM `tc_shopcart` [ RunTime:0.0050s ]
SQL: SHOW COLUMNS FROM `tc_member` [ RunTime:0.0050s ]
SQL: SELECT * FROM `tc_shopcart` WHERE `uid` = null  [ RunTime:0.0000s ]
NOTIC: [8] Undefined index: cart D:\techans\Application\Home\Controller\IndexController.class.php 第 59 行.
SQL: SELECT `type`,`name`,`value` FROM `tc_config` WHERE `status` = 1  [ RunTime:0.0000s ]
SQL: SELECT * FROM `tc_category` WHERE ( ismenu='2' and pid='0' ) ORDER BY id asc  [ RunTime:0.0010s ]
SQL: SELECT * FROM `tc_category` WHERE ( pid='77' )  [ RunTime:0.0010s ]
SQL: SELECT * FROM `tc_category` WHERE ( pid='133' )  [ RunTime:0.0000s ]
SQL: SELECT * FROM `tc_category` WHERE ( pid='137' )  [ RunTime:0.0010s ]
SQL: SELECT * FROM `tc_category` WHERE ( pid='141' )  [ RunTime:0.0010s ]
SQL: SELECT `id`,`name`,`title`,`pid`,`sort`,`list_row`,`meta_title`,`keywords`,`description`,`template_index`,`template_lists`,`template_detail`,`template_edit`,`model`,`model_sub`,`type`,`link_id`,`allow_publish`,`display`,`reply`,`check`,`reply_model`,`extend`,`create_time`,`update_time`,`status`,`icon`,`ismenu` FROM `tc_category` WHERE `status` = 1 AND `ismenu` = 1 ORDER BY sort desc  [ RunTime:0.0010s ]
SQL: SHOW COLUMNS FROM `tc_document` [ RunTime:0.0060s ]
SQL: SELECT * FROM `tc_document` WHERE `category_id` IN ('52','58','124','57','126') AND `status` = 1 ORDER BY id desc LIMIT 10   [ RunTime:0.0020s ]
SQL: SELECT * FROM `tc_document` WHERE `category_id` IN ('107','104','110','105','109') AND `status` = 1 ORDER BY id desc LIMIT 10   [ RunTime:0.0010s ]
NOTIC: [8] Undefined index: _ D:\techans\Application\Home\Controller\IndexController.class.php 第 164 行.
NOTIC: [2] Invalid argument supplied for foreach() D:\techans\Application\Home\Controller\IndexController.class.php 第 164 行.
NOTIC: [8] Undefined index: _ D:\techans\Application\Home\Controller\IndexController.class.php 第 164 行.
NOTIC: [2] Invalid argument supplied for foreach() D:\techans\Application\Home\Controller\IndexController.class.php 第 164 行.
SQL: SELECT * FROM `tc_document` WHERE `category_id` IN ('75','115','116','129','117','118','123','119') AND `status` = 1 ORDER BY id desc LIMIT 10   [ RunTime:0.0010s ]
SQL: SELECT * FROM `tc_document` WHERE `category_id` IN ('71','81','82','83','84','86','87','88') AND `status` = 1 ORDER BY id desc LIMIT 10   [ RunTime:0.0010s ]
SQL: SELECT * FROM `tc_document` WHERE `category_id` IN ('72','92','93','94','96','99','100','101') AND `status` = 1 ORDER BY id desc LIMIT 10   [ RunTime:0.0010s ]
SQL: SELECT * FROM `tc_document` WHERE `category_id` IN ('73','97','98','102','103') AND `status` = 1 ORDER BY id desc LIMIT 10   [ RunTime:0.0010s ]
NOTIC: [8] Undefined index: _ D:\techans\Application\Home\Controller\IndexController.class.php 第 164 行.
NOTIC: [2] Invalid argument supplied for foreach() D:\techans\Application\Home\Controller\IndexController.class.php 第 164 行.
SQL: SELECT * FROM `tc_document` WHERE `category_id` IN ('76','120','121','122') AND `status` = 1 ORDER BY id desc LIMIT 10   [ RunTime:0.0010s ]
SQL: SELECT * FROM `tc_document` WHERE `category_id` IN ('90','106','108') AND `status` = 1 ORDER BY id desc LIMIT 10   [ RunTime:0.0020s ]
SQL: SELECT * FROM `tc_document` WHERE `category_id` IN ('111','112','114') AND `status` = 1 ORDER BY id desc LIMIT 10   [ RunTime:0.0010s ]
INFO: [ view_parse ] --START--
INFO: [ template_filter ] --START--
INFO: Run Behavior\ContentReplaceBehavior [ RunTime:0.002000s ]
INFO: [ template_filter ] --END-- [ RunTime:0.004000s ]
SQL: SHOW COLUMNS FROM `tc_channel` [ RunTime:0.0080s ]
SQL: SELECT `id`,`pid`,`title`,`url`,`sort`,`create_time`,`update_time`,`status`,`target` FROM `tc_channel` WHERE ( status=1 ) ORDER BY sort  [ RunTime:0.0010s ]
SQL: SHOW COLUMNS FROM `tc_picture` [ RunTime:0.0070s ]
SQL: SELECT * FROM `tc_picture` WHERE `status` = 1 AND `id` = 50 LIMIT 1   [ RunTime:0.0020s ]
SQL: SELECT * FROM `tc_picture` WHERE `status` = 1 AND `id` = 49 LIMIT 1   [ RunTime:0.0010s ]
SQL: SELECT * FROM `tc_picture` WHERE `status` = 1 AND `id` = 34 LIMIT 1   [ RunTime:0.0010s ]
SQL: SELECT * FROM `tc_picture` WHERE `status` = 1 AND `id` = 48 LIMIT 1   [ RunTime:0.0020s ]
SQL: SELECT * FROM `tc_picture` WHERE `status` = 1 AND `id` = 33 LIMIT 1   [ RunTime:0.0010s ]
SQL: SELECT `id`,`name`,`title`,`pid`,`sort`,`list_row`,`meta_title`,`keywords`,`description`,`template_index`,`template_lists`,`template_detail`,`template_edit`,`model`,`model_sub`,`type`,`link_id`,`allow_publish`,`display`,`reply`,`check`,`reply_model`,`extend`,`create_time`,`update_time`,`status`,`icon`,`ismenu` FROM `tc_category` WHERE `id` = 56 LIMIT 1   [ RunTime:0.0010s ]
SQL: SELECT `id`,`name`,`pid`,`title`,`link_id` FROM `tc_category` WHERE `status` = 1 AND `ismenu` = 1 ORDER BY sort desc  [ RunTime:0.0030s ]
SQL: SELECT `id`,`uid`,`name`,`title`,`category_id`,`description`,`root`,`pid`,`model_id`,`type`,`position`,`link_id`,`cover_id`,`display`,`deadline`,`attach`,`view`,`comment`,`extend`,`level`,`create_time`,`update_time`,`status`,`price`,`tuan_price`,`qg_price`,`ms_price`,`brand`,`sale`,`percent` FROM `tc_document` WHERE `status` = 1 AND `pid` = 0 AND `category_id` IN ('in','56','56') AND `create_time` < 1435887144 AND ( deadline = 0 OR deadline > 1435887144 ) ORDER BY `level` DESC,`id` DESC LIMIT 0,10   [ RunTime:0.0010s ]
NOTIC: [8] Undefined variable: article D:\techans\Runtime\Cache\Home\769e70f2e46f34ceb60619bbda5e4691.php 第 323 行.
SQL: SELECT * FROM `tc_picture` WHERE `status` = 1 AND `id` = 85 LIMIT 1   [ RunTime:0.0010s ]
SQL: SELECT * FROM `tc_picture` WHERE `status` = 1 AND `id` = 66 LIMIT 1   [ RunTime:0.0010s ]
NOTIC: [8] Undefined variable: v D:\techans\Runtime\Cache\Home\769e70f2e46f34ceb60619bbda5e4691.php 第 357 行.
SQL: SELECT * FROM `tc_document_product` WHERE `id` = null LIMIT 1   [ RunTime:0.0010s ]
SQL: SELECT * FROM `tc_picture` WHERE `status` = 1 AND `id` = 23 LIMIT 1   [ RunTime:0.0010s ]
NOTIC: [8] Undefined variable: v D:\techans\Runtime\Cache\Home\769e70f2e46f34ceb60619bbda5e4691.php 第 357 行.
SQL: SELECT * FROM `tc_document_product` WHERE `id` = null LIMIT 1   [ RunTime:0.0000s ]
SQL: SELECT * FROM `tc_picture` WHERE `status` = 1 AND `id` = 24 LIMIT 1   [ RunTime:0.0000s ]
NOTIC: [8] Undefined variable: v D:\techans\Runtime\Cache\Home\769e70f2e46f34ceb60619bbda5e4691.php 第 357 行.
SQL: SELECT * FROM `tc_document_product` WHERE `id` = null LIMIT 1   [ RunTime:0.0020s ]
SQL: SELECT * FROM `tc_picture` WHERE `status` = 1 AND `id` = 21 LIMIT 1   [ RunTime:0.0010s ]
NOTIC: [8] Undefined variable: v D:\techans\Runtime\Cache\Home\769e70f2e46f34ceb60619bbda5e4691.php 第 357 行.
SQL: SELECT * FROM `tc_document_product` WHERE `id` = null LIMIT 1   [ RunTime:0.0000s ]
SQL: SELECT * FROM `tc_picture` WHERE `status` = 1 AND `id` = 20 LIMIT 1   [ RunTime:0.0020s ]
NOTIC: [8] Undefined variable: v D:\techans\Runtime\Cache\Home\769e70f2e46f34ceb60619bbda5e4691.php 第 357 行.
SQL: SELECT * FROM `tc_document_product` WHERE `id` = null LIMIT 1   [ RunTime:0.0010s ]
SQL: SELECT * FROM `tc_picture` WHERE `status` = 1 AND `id` = 17 LIMIT 1   [ RunTime:0.0040s ]
NOTIC: [8] Undefined variable: v D:\techans\Runtime\Cache\Home\769e70f2e46f34ceb60619bbda5e4691.php 第 357 行.
SQL: SELECT * FROM `tc_document_product` WHERE `id` = null LIMIT 1   [ RunTime:0.0010s ]
SQL: SELECT * FROM `tc_picture` WHERE `status` = 1 AND `id` = 9 LIMIT 1   [ RunTime:0.0010s ]
NOTIC: [8] Undefined variable: v D:\techans\Runtime\Cache\Home\769e70f2e46f34ceb60619bbda5e4691.php 第 357 行.
SQL: SELECT * FROM `tc_document_product` WHERE `id` = null LIMIT 1   [ RunTime:0.0010s ]
SQL: SELECT * FROM `tc_picture` WHERE `status` = 1 AND `id` = 7 LIMIT 1   [ RunTime:0.0010s ]
NOTIC: [8] Undefined variable: v D:\techans\Runtime\Cache\Home\769e70f2e46f34ceb60619bbda5e4691.php 第 357 行.
SQL: SELECT * FROM `tc_document_product` WHERE `id` = null LIMIT 1   [ RunTime:0.0010s ]
SQL: SELECT * FROM `tc_picture` WHERE `status` = 1 AND `id` = 15 LIMIT 1   [ RunTime:0.0010s ]
NOTIC: [8] Undefined variable: v D:\techans\Runtime\Cache\Home\769e70f2e46f34ceb60619bbda5e4691.php 第 357 行.
SQL: SELECT * FROM `tc_document_product` WHERE `id` = null LIMIT 1   [ RunTime:0.0010s ]
SQL: SELECT * FROM `tc_picture` WHERE `status` = 1 AND `id` = 87 LIMIT 1   [ RunTime:0.0010s ]
SQL: SELECT * FROM `tc_picture` WHERE `status` = 1 AND `id` = 110 LIMIT 1   [ RunTime:0.0030s ]
NOTIC: [8] Undefined variable: v D:\techans\Runtime\Cache\Home\769e70f2e46f34ceb60619bbda5e4691.php 第 357 行.
SQL: SELECT * FROM `tc_document_product` WHERE `id` = null LIMIT 1   [ RunTime:0.0040s ]
SQL: SELECT * FROM `tc_picture` WHERE `status` = 1 AND `id` = 108 LIMIT 1   [ RunTime:0.0000s ]
NOTIC: [8] Undefined variable: v D:\techans\Runtime\Cache\Home\769e70f2e46f34ceb60619bbda5e4691.php 第 357 行.
SQL: SELECT * FROM `tc_document_product` WHERE `id` = null LIMIT 1   [ RunTime:0.0010s ]
SQL: SELECT * FROM `tc_picture` WHERE `status` = 1 AND `id` = 107 LIMIT 1   [ RunTime:0.0020s ]
NOTIC: [8] Undefined variable: v D:\techans\Runtime\Cache\Home\769e70f2e46f34ceb60619bbda5e4691.php 第 357 行.
SQL: SELECT * FROM `tc_document_product` WHERE `id` = null LIMIT 1   [ RunTime:0.0010s ]
SQL: SELECT * FROM `tc_picture` WHERE `status` = 1 AND `id` = 105 LIMIT 1   [ RunTime:0.0020s ]
NOTIC: [8] Undefined variable: v D:\techans\Runtime\Cache\Home\769e70f2e46f34ceb60619bbda5e4691.php 第 357 行.
SQL: SELECT * FROM `tc_document_product` WHERE `id` = null LIMIT 1   [ RunTime:0.0010s ]
SQL: SELECT * FROM `tc_picture` WHERE `status` = 1 AND `id` = 104 LIMIT 1   [ RunTime:0.0020s ]
NOTIC: [8] Undefined variable: v D:\techans\Runtime\Cache\Home\769e70f2e46f34ceb60619bbda5e4691.php 第 357 行.
SQL: SELECT * FROM `tc_document_product` WHERE `id` = null LIMIT 1   [ RunTime:0.0010s ]
SQL: SELECT * FROM `tc_picture` WHERE `status` = 1 AND `id` = 91 LIMIT 1   [ RunTime:0.0010s ]
NOTIC: [8] Undefined variable: v D:\techans\Runtime\Cache\Home\769e70f2e46f34ceb60619bbda5e4691.php 第 357 行.
SQL: SELECT * FROM `tc_document_product` WHERE `id` = null LIMIT 1   [ RunTime:0.0010s ]
SQL: SELECT * FROM `tc_picture` WHERE `status` = 1 AND `id` = 103 LIMIT 1   [ RunTime:0.0010s ]
NOTIC: [8] Undefined variable: v D:\techans\Runtime\Cache\Home\769e70f2e46f34ceb60619bbda5e4691.php 第 357 行.
SQL: SELECT * FROM `tc_document_product` WHERE `id` = null LIMIT 1   [ RunTime:0.0010s ]
SQL: SELECT * FROM `tc_picture` WHERE `status` = 1 AND `id` = 101 LIMIT 1   [ RunTime:0.0010s ]
NOTIC: [8] Undefined variable: v D:\techans\Runtime\Cache\Home\769e70f2e46f34ceb60619bbda5e4691.php 第 357 行.
SQL: SELECT * FROM `tc_document_product` WHERE `id` = null LIMIT 1   [ RunTime:0.0010s ]
SQL: SELECT * FROM `tc_picture` WHERE `status` = 1 AND `id` = 99 LIMIT 1   [ RunTime:0.0010s ]
NOTIC: [8] Undefined variable: v D:\techans\Runtime\Cache\Home\769e70f2e46f34ceb60619bbda5e4691.php 第 357 行.
SQL: SELECT * FROM `tc_document_product` WHERE `id` = null LIMIT 1   [ RunTime:0.0000s ]
SQL: SELECT * FROM `tc_picture` WHERE `status` = 1 AND `id` = 98 LIMIT 1   [ RunTime:0.0000s ]
NOTIC: [8] Undefined variable: v D:\techans\Runtime\Cache\Home\769e70f2e46f34ceb60619bbda5e4691.php 第 357 行.
SQL: SELECT * FROM `tc_document_product` WHERE `id` = null LIMIT 1   [ RunTime:0.0010s ]
SQL: SELECT * FROM `tc_picture` WHERE `status` = 1 AND `id` = 88 LIMIT 1   [ RunTime:0.0000s ]
SQL: SELECT * FROM `tc_picture` WHERE `status` = 1 AND `id` = 97 LIMIT 1   [ RunTime:0.0010s ]
NOTIC: [8] Undefined variable: v D:\techans\Runtime\Cache\Home\769e70f2e46f34ceb60619bbda5e4691.php 第 357 行.
SQL: SELECT * FROM `tc_document_product` WHERE `id` = null LIMIT 1   [ RunTime:0.0000s ]
SQL: SELECT * FROM `tc_picture` WHERE `status` = 1 AND `id` = 96 LIMIT 1   [ RunTime:0.0000s ]
NOTIC: [8] Undefined variable: v D:\techans\Runtime\Cache\Home\769e70f2e46f34ceb60619bbda5e4691.php 第 357 行.
SQL: SELECT * FROM `tc_document_product` WHERE `id` = null LIMIT 1   [ RunTime:0.0010s ]
SQL: SELECT * FROM `tc_picture` WHERE `status` = 1 AND `id` = 95 LIMIT 1   [ RunTime:0.0010s ]
NOTIC: [8] Undefined variable: v D:\techans\Runtime\Cache\Home\769e70f2e46f34ceb60619bbda5e4691.php 第 357 行.
SQL: SELECT * FROM `tc_document_product` WHERE `id` = null LIMIT 1   [ RunTime:0.0010s ]
SQL: SELECT * FROM `tc_picture` WHERE `status` = 1 AND `id` = 92 LIMIT 1   [ RunTime:0.0010s ]
NOTIC: [8] Undefined variable: v D:\techans\Runtime\Cache\Home\769e70f2e46f34ceb60619bbda5e4691.php 第 357 行.
SQL: SELECT * FROM `tc_document_product` WHERE `id` = null LIMIT 1   [ RunTime:0.0010s ]
SQL: SELECT * FROM `tc_picture` WHERE `status` = 1 AND `id` = 86 LIMIT 1   [ RunTime:0.0010s ]
SQL: SELECT * FROM `tc_picture` WHERE `status` = 1 AND `id` = 89 LIMIT 1   [ RunTime:0.0010s ]
NOTIC: [8] Undefined variable: v D:\techans\Runtime\Cache\Home\769e70f2e46f34ceb60619bbda5e4691.php 第 357 行.
SQL: SELECT * FROM `tc_document_product` WHERE `id` = null LIMIT 1   [ RunTime:0.0010s ]
SQL: SELECT * FROM `tc_picture` WHERE `status` = 1 AND `id` = 62 LIMIT 1   [ RunTime:0.0010s ]
SQL: SELECT * FROM `tc_picture` WHERE `status` = 1 AND `id` = 62 LIMIT 1   [ RunTime:0.0000s ]
SQL: SELECT * FROM `tc_picture` WHERE `status` = 1 AND `id` = 57 LIMIT 1   [ RunTime:0.0000s ]
SQL: SELECT * FROM `tc_picture` WHERE `status` = 1 AND `id` = 59 LIMIT 1   [ RunTime:0.0010s ]
SQL: SELECT * FROM `tc_picture` WHERE `status` = 1 AND `id` = 56 LIMIT 1   [ RunTime:0.0010s ]
SQL: SELECT * FROM `tc_picture` WHERE `status` = 1 AND `id` = 111 LIMIT 1   [ RunTime:0.0000s ]
NOTIC: [8] Undefined variable: v D:\techans\Runtime\Cache\Home\769e70f2e46f34ceb60619bbda5e4691.php 第 357 行.
SQL: SELECT * FROM `tc_document_product` WHERE `id` = null LIMIT 1   [ RunTime:0.0010s ]
NOTIC: [8] Undefined variable: url D:\techans\Runtime\Cache\Home\769e70f2e46f34ceb60619bbda5e4691.php 第 384 行.
INFO: Run Behavior\ParseTemplateBehavior [ RunTime:1.853106s ]
INFO: [ view_parse ] --END-- [ RunTime:1.854106s ]
INFO: [ view_filter ] --START--
INFO: Run Behavior\WriteHtmlCacheBehavior [ RunTime:0.001000s ]
INFO: [ view_filter ] --END-- [ RunTime:0.003000s ]
INFO: [ app_end ] --START--
INFO: Run Behavior\ShowPageTraceBehavior [ RunTime:0.002000s ]
INFO: [ app_end ] --END-- [ RunTime:0.003001s ]

[ 2015-07-03T09:32:46+08:00 ] 127.0.0.1 /index.php?s=/Home/User/login.html
SQL: SELECT `type`,`name`,`value` FROM `tc_config` WHERE `status` = 1  [ RunTime:0.0020s ]
SQL: SHOW COLUMNS FROM `tc_category` [ RunTime:0.0080s ]
SQL: SELECT * FROM `tc_category` WHERE ( ismenu='2' and pid='0' ) ORDER BY id asc  [ RunTime:0.0010s ]
SQL: SELECT * FROM `tc_category` WHERE ( pid='77' )  [ RunTime:0.0010s ]
SQL: SELECT * FROM `tc_category` WHERE ( pid='133' )  [ RunTime:0.0010s ]
SQL: SELECT * FROM `tc_category` WHERE ( pid='137' )  [ RunTime:0.0010s ]
SQL: SELECT * FROM `tc_category` WHERE ( pid='141' )  [ RunTime:0.0020s ]
INFO: [ view_parse ] --START--
INFO: [ template_filter ] --START--
INFO: Run Behavior\ContentReplaceBehavior [ RunTime:0.002000s ]
INFO: [ template_filter ] --END-- [ RunTime:0.002000s ]
NOTIC: [8] Undefined variable: referr D:\techans\Runtime\Cache\Home\b171d71961885d3bf0f7a9b2e0867b01.php 第 121 行.
INFO: Run Behavior\ParseTemplateBehavior [ RunTime:0.170010s ]
INFO: [ view_parse ] --END-- [ RunTime:0.172010s ]
INFO: [ view_filter ] --START--
INFO: Run Behavior\WriteHtmlCacheBehavior [ RunTime:0.002000s ]
INFO: [ view_filter ] --END-- [ RunTime:0.005000s ]
INFO: [ app_end ] --START--
INFO: Run Behavior\ShowPageTraceBehavior [ RunTime:0.002000s ]
INFO: [ app_end ] --END-- [ RunTime:0.005000s ]

[ 2015-07-03T09:32:47+08:00 ] 127.0.0.1 /index.php?s=/Home/User/login.html
INFO: [ app_begin ] --START--
INFO: Run Behavior\ReadHtmlCacheBehavior [ RunTime:0.004000s ]
INFO: [ app_begin ] --END-- [ RunTime:0.008001s ]
SQL: SHOW COLUMNS FROM `tc_config` [ RunTime:0.0070s ]
SQL: SELECT `type`,`name`,`value` FROM `tc_config` WHERE `status` = 1  [ RunTime:0.0010s ]
NOTIC: [8] Undefined index: lite D:\techans\ThinkPHP\Library\Think\Db.class.php 第 37 行.

[ 2015-07-03T09:32:48+08:00 ] 127.0.0.1 /index.php?s=/Home/User/login.html
NOTIC: [8] Undefined index: lite D:\techans\ThinkPHP\Library\Think\Db.class.php 第 37 行.
INFO: [ view_parse ] --START--
INFO: [ template_filter ] --START--
INFO: Run Behavior\ContentReplaceBehavior [ RunTime:0.002000s ]
INFO: [ template_filter ] --END-- [ RunTime:0.006001s ]
INFO: Run Behavior\ParseTemplateBehavior [ RunTime:0.084005s ]
INFO: [ view_parse ] --END-- [ RunTime:0.088005s ]
INFO: [ view_filter ] --START--
INFO: Run Behavior\WriteHtmlCacheBehavior [ RunTime:0.002001s ]
INFO: [ view_filter ] --END-- [ RunTime:0.004001s ]

[ 2015-07-03T09:32:50+08:00 ] 127.0.0.1 /index.php?s=/Home/User/login.html
SQL: SELECT `type`,`name`,`value` FROM `tc_config` WHERE `status` = 1  [ RunTime:0.0010s ]
SQL: SHOW COLUMNS FROM `tc_category` [ RunTime:0.0060s ]
SQL: SELECT * FROM `tc_category` WHERE ( ismenu='2' and pid='0' ) ORDER BY id asc  [ RunTime:0.0020s ]
SQL: SELECT * FROM `tc_category` WHERE ( pid='77' )  [ RunTime:0.0010s ]
SQL: SELECT * FROM `tc_category` WHERE ( pid='133' )  [ RunTime:0.0010s ]
SQL: SELECT * FROM `tc_category` WHERE ( pid='137' )  [ RunTime:0.0010s ]
SQL: SELECT * FROM `tc_category` WHERE ( pid='141' )  [ RunTime:0.0010s ]
INFO: [ view_parse ] --START--
INFO: [ template_filter ] --START--
INFO: Run Behavior\ContentReplaceBehavior [ RunTime:0.001000s ]
INFO: [ template_filter ] --END-- [ RunTime:0.002000s ]
NOTIC: [8] Undefined variable: referr D:\techans\Runtime\Cache\Home\b171d71961885d3bf0f7a9b2e0867b01.php 第 121 行.
INFO: Run Behavior\ParseTemplateBehavior [ RunTime:0.161009s ]
INFO: [ view_parse ] --END-- [ RunTime:0.163010s ]
INFO: [ view_filter ] --START--
INFO: Run Behavior\WriteHtmlCacheBehavior [ RunTime:0.002000s ]
INFO: [ view_filter ] --END-- [ RunTime:0.003000s ]
INFO: [ app_end ] --START--
INFO: Run Behavior\ShowPageTraceBehavior [ RunTime:0.006001s ]
INFO: [ app_end ] --END-- [ RunTime:0.009001s ]

[ 2015-07-03T09:32:50+08:00 ] 127.0.0.1 /index.php?s=/Home/User/login.html
INFO: [ app_begin ] --START--
INFO: Run Behavior\ReadHtmlCacheBehavior [ RunTime:0.002001s ]
INFO: [ app_begin ] --END-- [ RunTime:0.004001s ]
SQL: SHOW COLUMNS FROM `tc_config` [ RunTime:0.0080s ]
SQL: SELECT `type`,`name`,`value` FROM `tc_config` WHERE `status` = 1  [ RunTime:0.0010s ]
NOTIC: [8] Undefined index: lite D:\techans\ThinkPHP\Library\Think\Db.class.php 第 37 行.

[ 2015-07-03T09:32:53+08:00 ] 127.0.0.1 /
NOTIC: [8] Use of undefined constant HTTP_CLIENT_IP - assumed 'HTTP_CLIENT_IP' D:\techans\Application\Common\Common\function.php 第 821 行.
NOTIC: [8] Use of undefined constant HTTP_X_FORWARDED_FOR - assumed 'HTTP_X_FORWARDED_FOR' D:\techans\Application\Common\Common\function.php 第 823 行.
NOTIC: [8] Use of undefined constant REMOTE_ADDR - assumed 'REMOTE_ADDR' D:\techans\Application\Common\Common\function.php 第 825 行.
NOTIC: [8] Use of undefined constant REMOTE_ADDR - assumed 'REMOTE_ADDR' D:\techans\Application\Common\Common\function.php 第 825 行.
NOTIC: [8] Use of undefined constant unknown - assumed 'unknown' D:\techans\Application\Common\Common\function.php 第 825 行.
NOTIC: [8] Use of undefined constant REMOTE_ADDR - assumed 'REMOTE_ADDR' D:\techans\Application\Common\Common\function.php 第 826 行.
NOTIC: [8] Undefined index: HTTP_REFERER D:\techans\Application\Common\Common\function.php 第 852 行.
SQL: SHOW COLUMNS FROM `tc_records` [ RunTime:0.0060s ]
SQL: SELECT * FROM `tc_records` WHERE ( ip='127.0.0.1' and tag='1' and page='index' )  [ RunTime:0.0020s ]
SQL: SELECT `time` FROM `tc_records` WHERE ( ip='127.0.0.1' and tag='1' and page='index' ) ORDER BY id desc LIMIT 1   [ RunTime:0.0010s ]
SQL: SHOW COLUMNS FROM `tc_category` [ RunTime:0.0060s ]
SQL: SHOW COLUMNS FROM `tc_category` [ RunTime:0.0080s ]
SQL: SELECT `id`,`name`,`pid`,`title` FROM `tc_category` WHERE ( display="1"and ismenu="1"  ) ORDER BY sort desc  [ RunTime:0.0010s ]
SQL: SHOW COLUMNS FROM `tc_document` [ RunTime:0.0070s ]
SQL: SHOW COLUMNS FROM `tc_category` [ RunTime:0.0070s ]
SQL: SELECT `id` FROM `tc_category` WHERE ( display=1 and pid=0 )  [ RunTime:0.0010s ]
SQL: SHOW COLUMNS FROM `tc_slide` [ RunTime:0.0070s ]
SQL: SELECT * FROM `tc_slide` WHERE ( status=1 )  [ RunTime:0.0010s ]
SQL: SHOW COLUMNS FROM `tc_document_product` [ RunTime:0.0070s ]
SQL: SELECT * FROM `tc_document_product` WHERE ( mark="2" ) ORDER BY id desc LIMIT 6   [ RunTime:0.0000s ]
SQL: SELECT * FROM `tc_document_product` ORDER BY id desc LIMIT 6   [ RunTime:0.0010s ]
SQL: SHOW COLUMNS FROM `tc_document` [ RunTime:0.0060s ]
SQL: SELECT * FROM `tc_document` ORDER BY sale desc LIMIT 6   [ RunTime:0.0010s ]
SQL: SELECT * FROM `tc_document` WHERE ( position="4" )  [ RunTime:0.0010s ]
SQL: SHOW COLUMNS FROM `tc_config` [ RunTime:0.0060s ]
SQL: SELECT `value` FROM `tc_config` WHERE ( id="40" ) LIMIT 1   [ RunTime:0.0010s ]
SQL: SHOW COLUMNS FROM `tc_shopcart` [ RunTime:0.0050s ]
SQL: SHOW COLUMNS FROM `tc_member` [ RunTime:0.0050s ]
SQL: SELECT * FROM `tc_shopcart` WHERE `uid` = null  [ RunTime:0.0010s ]
NOTIC: [8] Undefined index: cart D:\techans\Application\Home\Controller\IndexController.class.php 第 59 行.
SQL: SELECT `type`,`name`,`value` FROM `tc_config` WHERE `status` = 1  [ RunTime:0.0020s ]
SQL: SELECT * FROM `tc_category` WHERE ( ismenu='2' and pid='0' ) ORDER BY id asc  [ RunTime:0.0030s ]
SQL: SELECT * FROM `tc_category` WHERE ( pid='77' )  [ RunTime:0.0020s ]
SQL: SELECT * FROM `tc_category` WHERE ( pid='133' )  [ RunTime:0.0000s ]
SQL: SELECT * FROM `tc_category` WHERE ( pid='137' )  [ RunTime:0.0020s ]
SQL: SELECT * FROM `tc_category` WHERE ( pid='141' )  [ RunTime:0.0010s ]
SQL: SELECT `id`,`name`,`title`,`pid`,`sort`,`list_row`,`meta_title`,`keywords`,`description`,`template_index`,`template_lists`,`template_detail`,`template_edit`,`model`,`model_sub`,`type`,`link_id`,`allow_publish`,`display`,`reply`,`check`,`reply_model`,`extend`,`create_time`,`update_time`,`status`,`icon`,`ismenu` FROM `tc_category` WHERE `status` = 1 AND `ismenu` = 1 ORDER BY sort desc  [ RunTime:0.0020s ]
SQL: SHOW COLUMNS FROM `tc_document` [ RunTime:0.0080s ]
SQL: SELECT * FROM `tc_document` WHERE `category_id` IN ('52','58','124','57','126') AND `status` = 1 ORDER BY id desc LIMIT 10   [ RunTime:0.0010s ]
SQL: SELECT * FROM `tc_document` WHERE `category_id` IN ('107','104','110','105','109') AND `status` = 1 ORDER BY id desc LIMIT 10   [ RunTime:0.0020s ]
NOTIC: [8] Undefined index: _ D:\techans\Application\Home\Controller\IndexController.class.php 第 164 行.
NOTIC: [2] Invalid argument supplied for foreach() D:\techans\Application\Home\Controller\IndexController.class.php 第 164 行.
NOTIC: [8] Undefined index: _ D:\techans\Application\Home\Controller\IndexController.class.php 第 164 行.
NOTIC: [2] Invalid argument supplied for foreach() D:\techans\Application\Home\Controller\IndexController.class.php 第 164 行.
SQL: SELECT * FROM `tc_document` WHERE `category_id` IN ('75','115','116','129','117','118','123','119') AND `status` = 1 ORDER BY id desc LIMIT 10   [ RunTime:0.0020s ]
SQL: SELECT * FROM `tc_document` WHERE `category_id` IN ('71','81','82','83','84','86','87','88') AND `status` = 1 ORDER BY id desc LIMIT 10   [ RunTime:0.0030s ]
SQL: SELECT * FROM `tc_document` WHERE `category_id` IN ('72','92','93','94','96','99','100','101') AND `status` = 1 ORDER BY id desc LIMIT 10   [ RunTime:0.0040s ]
SQL: SELECT * FROM `tc_document` WHERE `category_id` IN ('73','97','98','102','103') AND `status` = 1 ORDER BY id desc LIMIT 10   [ RunTime:0.0040s ]
NOTIC: [8] Undefined index: _ D:\techans\Application\Home\Controller\IndexController.class.php 第 164 行.
NOTIC: [2] Invalid argument supplied for foreach() D:\techans\Application\Home\Controller\IndexController.class.php 第 164 行.
SQL: SELECT * FROM `tc_document` WHERE `category_id` IN ('76','120','121','122') AND `status` = 1 ORDER BY id desc LIMIT 10   [ RunTime:0.0010s ]
SQL: SELECT * FROM `tc_document` WHERE `category_id` IN ('90','106','108') AND `status` = 1 ORDER BY id desc LIMIT 10   [ RunTime:0.0010s ]
SQL: SELECT * FROM `tc_document` WHERE `category_id` IN ('111','112','114') AND `status` = 1 ORDER BY id desc LIMIT 10   [ RunTime:0.0010s ]
INFO: [ view_parse ] --START--
INFO: [ template_filter ] --START--
INFO: Run Behavior\ContentReplaceBehavior [ RunTime:0.002000s ]
INFO: [ template_filter ] --END-- [ RunTime:0.005000s ]
SQL: SHOW COLUMNS FROM `tc_channel` [ RunTime:0.0050s ]
SQL: SELECT `id`,`pid`,`title`,`url`,`sort`,`create_time`,`update_time`,`status`,`target` FROM `tc_channel` WHERE ( status=1 ) ORDER BY sort  [ RunTime:0.0010s ]
SQL: SHOW COLUMNS FROM `tc_picture` [ RunTime:0.0060s ]
SQL: SELECT * FROM `tc_picture` WHERE `status` = 1 AND `id` = 50 LIMIT 1   [ RunTime:0.0010s ]
SQL: SELECT * FROM `tc_picture` WHERE `status` = 1 AND `id` = 49 LIMIT 1   [ RunTime:0.0010s ]
SQL: SELECT * FROM `tc_picture` WHERE `status` = 1 AND `id` = 34 LIMIT 1   [ RunTime:0.0020s ]
SQL: SELECT * FROM `tc_picture` WHERE `status` = 1 AND `id` = 48 LIMIT 1   [ RunTime:0.0010s ]
SQL: SELECT * FROM `tc_picture` WHERE `status` = 1 AND `id` = 33 LIMIT 1   [ RunTime:0.0000s ]
SQL: SELECT `id`,`name`,`title`,`pid`,`sort`,`list_row`,`meta_title`,`keywords`,`description`,`template_index`,`template_lists`,`template_detail`,`template_edit`,`model`,`model_sub`,`type`,`link_id`,`allow_publish`,`display`,`reply`,`check`,`reply_model`,`extend`,`create_time`,`update_time`,`status`,`icon`,`ismenu` FROM `tc_category` WHERE `id` = 56 LIMIT 1   [ RunTime:0.0000s ]
SQL: SELECT `id`,`name`,`pid`,`title`,`link_id` FROM `tc_category` WHERE `status` = 1 AND `ismenu` = 1 ORDER BY sort desc  [ RunTime:0.0010s ]
SQL: SELECT `id`,`uid`,`name`,`title`,`category_id`,`description`,`root`,`pid`,`model_id`,`type`,`position`,`link_id`,`cover_id`,`display`,`deadline`,`attach`,`view`,`comment`,`extend`,`level`,`create_time`,`update_time`,`status`,`price`,`tuan_price`,`qg_price`,`ms_price`,`brand`,`sale`,`percent` FROM `tc_document` WHERE `status` = 1 AND `pid` = 0 AND `category_id` IN ('in','56','56') AND `create_time` < 1435887171 AND ( deadline = 0 OR deadline > 1435887171 ) ORDER BY `level` DESC,`id` DESC LIMIT 0,10   [ RunTime:0.0010s ]
NOTIC: [8] Undefined variable: article D:\techans\Runtime\Cache\Home\769e70f2e46f34ceb60619bbda5e4691.php 第 323 行.
SQL: SELECT * FROM `tc_picture` WHERE `status` = 1 AND `id` = 85 LIMIT 1   [ RunTime:0.0020s ]
SQL: SELECT * FROM `tc_picture` WHERE `status` = 1 AND `id` = 66 LIMIT 1   [ RunTime:0.0010s ]
NOTIC: [8] Undefined variable: v D:\techans\Runtime\Cache\Home\769e70f2e46f34ceb60619bbda5e4691.php 第 357 行.
SQL: SELECT * FROM `tc_document_product` WHERE `id` = null LIMIT 1   [ RunTime:0.0010s ]
SQL: SELECT * FROM `tc_picture` WHERE `status` = 1 AND `id` = 23 LIMIT 1   [ RunTime:0.0010s ]
NOTIC: [8] Undefined variable: v D:\techans\Runtime\Cache\Home\769e70f2e46f34ceb60619bbda5e4691.php 第 357 行.
SQL: SELECT * FROM `tc_document_product` WHERE `id` = null LIMIT 1   [ RunTime:0.0010s ]
SQL: SELECT * FROM `tc_picture` WHERE `status` = 1 AND `id` = 24 LIMIT 1   [ RunTime:0.0010s ]
NOTIC: [8] Undefined variable: v D:\techans\Runtime\Cache\Home\769e70f2e46f34ceb60619bbda5e4691.php 第 357 行.
SQL: SELECT * FROM `tc_document_product` WHERE `id` = null LIMIT 1   [ RunTime:0.0000s ]
SQL: SELECT * FROM `tc_picture` WHERE `status` = 1 AND `id` = 21 LIMIT 1   [ RunTime:0.0010s ]
NOTIC: [8] Undefined variable: v D:\techans\Runtime\Cache\Home\769e70f2e46f34ceb60619bbda5e4691.php 第 357 行.
SQL: SELECT * FROM `tc_document_product` WHERE `id` = null LIMIT 1   [ RunTime:0.0000s ]
SQL: SELECT * FROM `tc_picture` WHERE `status` = 1 AND `id` = 20 LIMIT 1   [ RunTime:0.0010s ]
NOTIC: [8] Undefined variable: v D:\techans\Runtime\Cache\Home\769e70f2e46f34ceb60619bbda5e4691.php 第 357 行.
SQL: SELECT * FROM `tc_document_product` WHERE `id` = null LIMIT 1   [ RunTime:0.0010s ]
SQL: SELECT * FROM `tc_picture` WHERE `status` = 1 AND `id` = 17 LIMIT 1   [ RunTime:0.0010s ]
NOTIC: [8] Undefined variable: v D:\techans\Runtime\Cache\Home\769e70f2e46f34ceb60619bbda5e4691.php 第 357 行.
SQL: SELECT * FROM `tc_document_product` WHERE `id` = null LIMIT 1   [ RunTime:0.0010s ]
SQL: SELECT * FROM `tc_picture` WHERE `status` = 1 AND `id` = 9 LIMIT 1   [ RunTime:0.0010s ]
NOTIC: [8] Undefined variable: v D:\techans\Runtime\Cache\Home\769e70f2e46f34ceb60619bbda5e4691.php 第 357 行.
SQL: SELECT * FROM `tc_document_product` WHERE `id` = null LIMIT 1   [ RunTime:0.0000s ]
SQL: SELECT * FROM `tc_picture` WHERE `status` = 1 AND `id` = 7 LIMIT 1   [ RunTime:0.0010s ]
NOTIC: [8] Undefined variable: v D:\techans\Runtime\Cache\Home\769e70f2e46f34ceb60619bbda5e4691.php 第 357 行.
SQL: SELECT * FROM `tc_document_product` WHERE `id` = null LIMIT 1   [ RunTime:0.0010s ]
SQL: SELECT * FROM `tc_picture` WHERE `status` = 1 AND `id` = 15 LIMIT 1   [ RunTime:0.0000s ]
NOTIC: [8] Undefined variable: v D:\techans\Runtime\Cache\Home\769e70f2e46f34ceb60619bbda5e4691.php 第 357 行.
SQL: SELECT * FROM `tc_document_product` WHERE `id` = null LIMIT 1   [ RunTime:0.0010s ]
SQL: SELECT * FROM `tc_picture` WHERE `status` = 1 AND `id` = 87 LIMIT 1   [ RunTime:0.0010s ]
SQL: SELECT * FROM `tc_picture` WHERE `status` = 1 AND `id` = 110 LIMIT 1   [ RunTime:0.0010s ]
NOTIC: [8] Undefined variable: v D:\techans\Runtime\Cache\Home\769e70f2e46f34ceb60619bbda5e4691.php 第 357 行.
SQL: SELECT * FROM `tc_document_product` WHERE `id` = null LIMIT 1   [ RunTime:0.0010s ]
SQL: SELECT * FROM `tc_picture` WHERE `status` = 1 AND `id` = 108 LIMIT 1   [ RunTime:0.0010s ]
NOTIC: [8] Undefined variable: v D:\techans\Runtime\Cache\Home\769e70f2e46f34ceb60619bbda5e4691.php 第 357 行.
SQL: SELECT * FROM `tc_document_product` WHERE `id` = null LIMIT 1   [ RunTime:0.0010s ]
SQL: SELECT * FROM `tc_picture` WHERE `status` = 1 AND `id` = 107 LIMIT 1   [ RunTime:0.0000s ]
NOTIC: [8] Undefined variable: v D:\techans\Runtime\Cache\Home\769e70f2e46f34ceb60619bbda5e4691.php 第 357 行.
SQL: SELECT * FROM `tc_document_product` WHERE `id` = null LIMIT 1   [ RunTime:0.0020s ]
SQL: SELECT * FROM `tc_picture` WHERE `status` = 1 AND `id` = 105 LIMIT 1   [ RunTime:0.0010s ]
NOTIC: [8] Undefined variable: v D:\techans\Runtime\Cache\Home\769e70f2e46f34ceb60619bbda5e4691.php 第 357 行.
SQL: SELECT * FROM `tc_document_product` WHERE `id` = null LIMIT 1   [ RunTime:0.0010s ]
SQL: SELECT * FROM `tc_picture` WHERE `status` = 1 AND `id` = 104 LIMIT 1   [ RunTime:0.0020s ]
NOTIC: [8] Undefined variable: v D:\techans\Runtime\Cache\Home\769e70f2e46f34ceb60619bbda5e4691.php 第 357 行.
SQL: SELECT * FROM `tc_document_product` WHERE `id` = null LIMIT 1   [ RunTime:0.0020s ]
SQL: SELECT * FROM `tc_picture` WHERE `status` = 1 AND `id` = 91 LIMIT 1   [ RunTime:0.0020s ]
NOTIC: [8] Undefined variable: v D:\techans\Runtime\Cache\Home\769e70f2e46f34ceb60619bbda5e4691.php 第 357 行.
SQL: SELECT * FROM `tc_document_product` WHERE `id` = null LIMIT 1   [ RunTime:0.0020s ]
SQL: SELECT * FROM `tc_picture` WHERE `status` = 1 AND `id` = 103 LIMIT 1   [ RunTime:0.0000s ]
NOTIC: [8] Undefined variable: v D:\techans\Runtime\Cache\Home\769e70f2e46f34ceb60619bbda5e4691.php 第 357 行.
SQL: SELECT * FROM `tc_document_product` WHERE `id` = null LIMIT 1   [ RunTime:0.0010s ]
SQL: SELECT * FROM `tc_picture` WHERE `status` = 1 AND `id` = 101 LIMIT 1   [ RunTime:0.0010s ]
NOTIC: [8] Undefined variable: v D:\techans\Runtime\Cache\Home\769e70f2e46f34ceb60619bbda5e4691.php 第 357 行.
SQL: SELECT * FROM `tc_document_product` WHERE `id` = null LIMIT 1   [ RunTime:0.0010s ]
SQL: SELECT * FROM `tc_picture` WHERE `status` = 1 AND `id` = 99 LIMIT 1   [ RunTime:0.0000s ]
NOTIC: [8] Undefined variable: v D:\techans\Runtime\Cache\Home\769e70f2e46f34ceb60619bbda5e4691.php 第 357 行.
SQL: SELECT * FROM `tc_document_product` WHERE `id` = null LIMIT 1   [ RunTime:0.0010s ]
SQL: SELECT * FROM `tc_picture` WHERE `status` = 1 AND `id` = 98 LIMIT 1   [ RunTime:0.0010s ]
NOTIC: [8] Undefined variable: v D:\techans\Runtime\Cache\Home\769e70f2e46f34ceb60619bbda5e4691.php 第 357 行.
SQL: SELECT * FROM `tc_document_product` WHERE `id` = null LIMIT 1   [ RunTime:0.0010s ]
SQL: SELECT * FROM `tc_picture` WHERE `status` = 1 AND `id` = 88 LIMIT 1   [ RunTime:0.0010s ]
SQL: SELECT * FROM `tc_picture` WHERE `status` = 1 AND `id` = 97 LIMIT 1   [ RunTime:0.0020s ]
NOTIC: [8] Undefined variable: v D:\techans\Runtime\Cache\Home\769e70f2e46f34ceb60619bbda5e4691.php 第 357 行.
SQL: SELECT * FROM `tc_document_product` WHERE `id` = null LIMIT 1   [ RunTime:0.0030s ]
SQL: SELECT * FROM `tc_picture` WHERE `status` = 1 AND `id` = 96 LIMIT 1   [ RunTime:0.0020s ]
NOTIC: [8] Undefined variable: v D:\techans\Runtime\Cache\Home\769e70f2e46f34ceb60619bbda5e4691.php 第 357 行.
SQL: SELECT * FROM `tc_document_product` WHERE `id` = null LIMIT 1   [ RunTime:0.0010s ]
SQL: SELECT * FROM `tc_picture` WHERE `status` = 1 AND `id` = 95 LIMIT 1   [ RunTime:0.0020s ]
NOTIC: [8] Undefined variable: v D:\techans\Runtime\Cache\Home\769e70f2e46f34ceb60619bbda5e4691.php 第 357 行.
SQL: SELECT * FROM `tc_document_product` WHERE `id` = null LIMIT 1   [ RunTime:0.0010s ]
SQL: SELECT * FROM `tc_picture` WHERE `status` = 1 AND `id` = 92 LIMIT 1   [ RunTime:0.0010s ]
NOTIC: [8] Undefined variable: v D:\techans\Runtime\Cache\Home\769e70f2e46f34ceb60619bbda5e4691.php 第 357 行.
SQL: SELECT * FROM `tc_document_product` WHERE `id` = null LIMIT 1   [ RunTime:0.0010s ]
SQL: SELECT * FROM `tc_picture` WHERE `status` = 1 AND `id` = 86 LIMIT 1   [ RunTime:0.0010s ]
SQL: SELECT * FROM `tc_picture` WHERE `status` = 1 AND `id` = 89 LIMIT 1   [ RunTime:0.0010s ]
NOTIC: [8] Undefined variable: v D:\techans\Runtime\Cache\Home\769e70f2e46f34ceb60619bbda5e4691.php 第 357 行.
SQL: SELECT * FROM `tc_document_product` WHERE `id` = null LIMIT 1   [ RunTime:0.0010s ]
SQL: SELECT * FROM `tc_picture` WHERE `status` = 1 AND `id` = 62 LIMIT 1   [ RunTime:0.0010s ]
SQL: SELECT * FROM `tc_picture` WHERE `status` = 1 AND `id` = 62 LIMIT 1   [ RunTime:0.0010s ]
SQL: SELECT * FROM `tc_picture` WHERE `status` = 1 AND `id` = 57 LIMIT 1   [ RunTime:0.0010s ]
SQL: SELECT * FROM `tc_picture` WHERE `status` = 1 AND `id` = 59 LIMIT 1   [ RunTime:0.0010s ]
SQL: SELECT * FROM `tc_picture` WHERE `status` = 1 AND `id` = 56 LIMIT 1   [ RunTime:0.0010s ]
SQL: SELECT * FROM `tc_picture` WHERE `status` = 1 AND `id` = 111 LIMIT 1   [ RunTime:0.0010s ]
NOTIC: [8] Undefined variable: v D:\techans\Runtime\Cache\Home\769e70f2e46f34ceb60619bbda5e4691.php 第 357 行.
SQL: SELECT * FROM `tc_document_product` WHERE `id` = null LIMIT 1   [ RunTime:0.0020s ]
NOTIC: [8] Undefined variable: url D:\techans\Runtime\Cache\Home\769e70f2e46f34ceb60619bbda5e4691.php 第 384 行.
INFO: Run Behavior\ParseTemplateBehavior [ RunTime:1.556089s ]
INFO: [ view_parse ] --END-- [ RunTime:1.558089s ]
INFO: [ view_filter ] --START--
INFO: Run Behavior\WriteHtmlCacheBehavior [ RunTime:0.001000s ]
INFO: [ view_filter ] --END-- [ RunTime:0.006000s ]
INFO: [ app_end ] --START--
INFO: Run Behavior\ShowPageTraceBehavior [ RunTime:0.002000s ]
INFO: [ app_end ] --END-- [ RunTime:0.006000s ]

[ 2015-07-03T09:32:56+08:00 ] 127.0.0.1 /
INFO: [ app_begin ] --START--
INFO: Run Behavior\ReadHtmlCacheBehavior [ RunTime:0.001000s ]
INFO: [ app_begin ] --END-- [ RunTime:0.003000s ]
SQL: SHOW COLUMNS FROM `tc_config` [ RunTime:0.0080s ]
SQL: SELECT `type`,`name`,`value` FROM `tc_config` WHERE `status` = 1  [ RunTime:0.0020s ]
NOTIC: [8] Use of undefined constant HTTP_CLIENT_IP - assumed 'HTTP_CLIENT_IP' D:\techans\Application\Common\Common\function.php 第 821 行.
NOTIC: [8] Use of undefined constant HTTP_X_FORWARDED_FOR - assumed 'HTTP_X_FORWARDED_FOR' D:\techans\Application\Common\Common\function.php 第 823 行.
NOTIC: [8] Use of undefined constant REMOTE_ADDR - assumed 'REMOTE_ADDR' D:\techans\Application\Common\Common\function.php 第 825 行.
NOTIC: [8] Use of undefined constant REMOTE_ADDR - assumed 'REMOTE_ADDR' D:\techans\Application\Common\Common\function.php 第 825 行.
NOTIC: [8] Use of undefined constant unknown - assumed 'unknown' D:\techans\Application\Common\Common\function.php 第 825 行.
NOTIC: [8] Use of undefined constant REMOTE_ADDR - assumed 'REMOTE_ADDR' D:\techans\Application\Common\Common\function.php 第 826 行.
SQL: SHOW COLUMNS FROM `tc_records` [ RunTime:0.0070s ]
SQL: SELECT * FROM `tc_records` WHERE ( ip='127.0.0.1' and tag='1' and page='index' )  [ RunTime:0.0010s ]
SQL: SELECT `time` FROM `tc_records` WHERE ( ip='127.0.0.1' and tag='1' and page='index' ) ORDER BY id desc LIMIT 1   [ RunTime:0.0010s ]
SQL: SHOW COLUMNS FROM `tc_category` [ RunTime:0.0070s ]
SQL: SHOW COLUMNS FROM `tc_category` [ RunTime:0.0060s ]
SQL: SELECT `id`,`name`,`pid`,`title` FROM `tc_category` WHERE ( display="1"and ismenu="1"  ) ORDER BY sort desc  [ RunTime:0.0020s ]
SQL: SHOW COLUMNS FROM `tc_document` [ RunTime:0.0070s ]
SQL: SHOW COLUMNS FROM `tc_category` [ RunTime:0.0120s ]
SQL: SELECT `id` FROM `tc_category` WHERE ( display=1 and pid=0 )  [ RunTime:0.0010s ]
SQL: SHOW COLUMNS FROM `tc_slide` [ RunTime:0.0060s ]
SQL: SELECT * FROM `tc_slide` WHERE ( status=1 )  [ RunTime:0.0000s ]
SQL: SHOW COLUMNS FROM `tc_document_product` [ RunTime:0.0060s ]
SQL: SELECT * FROM `tc_document_product` WHERE ( mark="2" ) ORDER BY id desc LIMIT 6   [ RunTime:0.0010s ]
SQL: SELECT * FROM `tc_document_product` ORDER BY id desc LIMIT 6   [ RunTime:0.0010s ]
SQL: SHOW COLUMNS FROM `tc_document` [ RunTime:0.0060s ]
SQL: SELECT * FROM `tc_document` ORDER BY sale desc LIMIT 6   [ RunTime:0.0010s ]
SQL: SELECT * FROM `tc_document` WHERE ( position="4" )  [ RunTime:0.0010s ]
SQL: SHOW COLUMNS FROM `tc_config` [ RunTime:0.0060s ]
SQL: SELECT `value` FROM `tc_config` WHERE ( id="40" ) LIMIT 1   [ RunTime:0.0010s ]
SQL: SHOW COLUMNS FROM `tc_shopcart` [ RunTime:0.0050s ]
SQL: SHOW COLUMNS FROM `tc_member` [ RunTime:0.0050s ]
SQL: SELECT * FROM `tc_shopcart` WHERE `uid` = null  [ RunTime:0.0010s ]
NOTIC: [8] Undefined index: cart D:\techans\Application\Home\Controller\IndexController.class.php 第 59 行.
SQL: SELECT `type`,`name`,`value` FROM `tc_config` WHERE `status` = 1  [ RunTime:0.0000s ]
SQL: SELECT * FROM `tc_category` WHERE ( ismenu='2' and pid='0' ) ORDER BY id asc  [ RunTime:0.0010s ]
SQL: SELECT * FROM `tc_category` WHERE ( pid='77' )  [ RunTime:0.0010s ]
SQL: SELECT * FROM `tc_category` WHERE ( pid='133' )  [ RunTime:0.0010s ]
SQL: SELECT * FROM `tc_category` WHERE ( pid='137' )  [ RunTime:0.0000s ]
SQL: SELECT * FROM `tc_category` WHERE ( pid='141' )  [ RunTime:0.0000s ]
SQL: SELECT `id`,`name`,`title`,`pid`,`sort`,`list_row`,`meta_title`,`keywords`,`description`,`template_index`,`template_lists`,`template_detail`,`template_edit`,`model`,`model_sub`,`type`,`link_id`,`allow_publish`,`display`,`reply`,`check`,`reply_model`,`extend`,`create_time`,`update_time`,`status`,`icon`,`ismenu` FROM `tc_category` WHERE `status` = 1 AND `ismenu` = 1 ORDER BY sort desc  [ RunTime:0.0030s ]
SQL: SHOW COLUMNS FROM `tc_document` [ RunTime:0.0060s ]
SQL: SELECT * FROM `tc_document` WHERE `category_id` IN ('52','58','124','57','126') AND `status` = 1 ORDER BY id desc LIMIT 10   [ RunTime:0.0010s ]
SQL: SELECT * FROM `tc_document` WHERE `category_id` IN ('107','104','110','105','109') AND `status` = 1 ORDER BY id desc LIMIT 10   [ RunTime:0.0020s ]
NOTIC: [8] Undefined index: _ D:\techans\Application\Home\Controller\IndexController.class.php 第 164 行.
NOTIC: [2] Invalid argument supplied for foreach() D:\techans\Application\Home\Controller\IndexController.class.php 第 164 行.
NOTIC: [8] Undefined index: _ D:\techans\Application\Home\Controller\IndexController.class.php 第 164 行.
NOTIC: [2] Invalid argument supplied for foreach() D:\techans\Application\Home\Controller\IndexController.class.php 第 164 行.
SQL: SELECT * FROM `tc_document` WHERE `category_id` IN ('75','115','116','129','117','118','123','119') AND `status` = 1 ORDER BY id desc LIMIT 10   [ RunTime:0.0010s ]
SQL: SELECT * FROM `tc_document` WHERE `category_id` IN ('71','81','82','83','84','86','87','88') AND `status` = 1 ORDER BY id desc LIMIT 10   [ RunTime:0.0010s ]
SQL: SELECT * FROM `tc_document` WHERE `category_id` IN ('72','92','93','94','96','99','100','101') AND `status` = 1 ORDER BY id desc LIMIT 10   [ RunTime:0.0010s ]
SQL: SELECT * FROM `tc_document` WHERE `category_id` IN ('73','97','98','102','103') AND `status` = 1 ORDER BY id desc LIMIT 10   [ RunTime:0.0020s ]
NOTIC: [8] Undefined index: _ D:\techans\Application\Home\Controller\IndexController.class.php 第 164 行.
NOTIC: [2] Invalid argument supplied for foreach() D:\techans\Application\Home\Controller\IndexController.class.php 第 164 行.
SQL: SELECT * FROM `tc_document` WHERE `category_id` IN ('76','120','121','122') AND `status` = 1 ORDER BY id desc LIMIT 10   [ RunTime:0.0000s ]
SQL: SELECT * FROM `tc_document` WHERE `category_id` IN ('90','106','108') AND `status` = 1 ORDER BY id desc LIMIT 10   [ RunTime:0.0010s ]
SQL: SELECT * FROM `tc_document` WHERE `category_id` IN ('111','112','114') AND `status` = 1 ORDER BY id desc LIMIT 10   [ RunTime:0.0010s ]
INFO: [ view_parse ] --START--
INFO: [ template_filter ] --START--
INFO: Run Behavior\ContentReplaceBehavior [ RunTime:0.001000s ]
INFO: [ template_filter ] --END-- [ RunTime:0.003000s ]
SQL: SHOW COLUMNS FROM `tc_channel` [ RunTime:0.0060s ]
SQL: SELECT `id`,`pid`,`title`,`url`,`sort`,`create_time`,`update_time`,`status`,`target` FROM `tc_channel` WHERE ( status=1 ) ORDER BY sort  [ RunTime:0.0010s ]
SQL: SHOW COLUMNS FROM `tc_picture` [ RunTime:0.0060s ]
SQL: SELECT * FROM `tc_picture` WHERE `status` = 1 AND `id` = 50 LIMIT 1   [ RunTime:0.0010s ]
SQL: SELECT * FROM `tc_picture` WHERE `status` = 1 AND `id` = 49 LIMIT 1   [ RunTime:0.0010s ]
SQL: SELECT * FROM `tc_picture` WHERE `status` = 1 AND `id` = 34 LIMIT 1   [ RunTime:0.0010s ]
SQL: SELECT * FROM `tc_picture` WHERE `status` = 1 AND `id` = 48 LIMIT 1   [ RunTime:0.0010s ]
SQL: SELECT * FROM `tc_picture` WHERE `status` = 1 AND `id` = 33 LIMIT 1   [ RunTime:0.0000s ]
SQL: SELECT `id`,`name`,`title`,`pid`,`sort`,`list_row`,`meta_title`,`keywords`,`description`,`template_index`,`template_lists`,`template_detail`,`template_edit`,`model`,`model_sub`,`type`,`link_id`,`allow_publish`,`display`,`reply`,`check`,`reply_model`,`extend`,`create_time`,`update_time`,`status`,`icon`,`ismenu` FROM `tc_category` WHERE `id` = 56 LIMIT 1   [ RunTime:0.0000s ]
SQL: SELECT `id`,`name`,`pid`,`title`,`link_id` FROM `tc_category` WHERE `status` = 1 AND `ismenu` = 1 ORDER BY sort desc  [ RunTime:0.0000s ]
SQL: SELECT `id`,`uid`,`name`,`title`,`category_id`,`description`,`root`,`pid`,`model_id`,`type`,`position`,`link_id`,`cover_id`,`display`,`deadline`,`attach`,`view`,`comment`,`extend`,`level`,`create_time`,`update_time`,`status`,`price`,`tuan_price`,`qg_price`,`ms_price`,`brand`,`sale`,`percent` FROM `tc_document` WHERE `status` = 1 AND `pid` = 0 AND `category_id` IN ('in','56','56') AND `create_time` < 1435887173 AND ( deadline = 0 OR deadline > 1435887173 ) ORDER BY `level` DESC,`id` DESC LIMIT 0,10   [ RunTime:0.0010s ]
NOTIC: [8] Undefined variable: article D:\techans\Runtime\Cache\Home\769e70f2e46f34ceb60619bbda5e4691.php 第 323 行.
SQL: SELECT * FROM `tc_picture` WHERE `status` = 1 AND `id` = 85 LIMIT 1   [ RunTime:0.0010s ]
SQL: SELECT * FROM `tc_picture` WHERE `status` = 1 AND `id` = 66 LIMIT 1   [ RunTime:0.0010s ]
NOTIC: [8] Undefined variable: v D:\techans\Runtime\Cache\Home\769e70f2e46f34ceb60619bbda5e4691.php 第 357 行.
SQL: SELECT * FROM `tc_document_product` WHERE `id` = null LIMIT 1   [ RunTime:0.0010s ]
SQL: SELECT * FROM `tc_picture` WHERE `status` = 1 AND `id` = 23 LIMIT 1   [ RunTime:0.0010s ]
NOTIC: [8] Undefined variable: v D:\techans\Runtime\Cache\Home\769e70f2e46f34ceb60619bbda5e4691.php 第 357 行.
SQL: SELECT * FROM `tc_document_product` WHERE `id` = null LIMIT 1   [ RunTime:0.0000s ]
SQL: SELECT * FROM `tc_picture` WHERE `status` = 1 AND `id` = 24 LIMIT 1   [ RunTime:0.0010s ]
NOTIC: [8] Undefined variable: v D:\techans\Runtime\Cache\Home\769e70f2e46f34ceb60619bbda5e4691.php 第 357 行.
SQL: SELECT * FROM `tc_document_product` WHERE `id` = null LIMIT 1   [ RunTime:0.0010s ]
SQL: SELECT * FROM `tc_picture` WHERE `status` = 1 AND `id` = 21 LIMIT 1   [ RunTime:0.0010s ]
NOTIC: [8] Undefined variable: v D:\techans\Runtime\Cache\Home\769e70f2e46f34ceb60619bbda5e4691.php 第 357 行.
SQL: SELECT * FROM `tc_document_product` WHERE `id` = null LIMIT 1   [ RunTime:0.0010s ]
SQL: SELECT * FROM `tc_picture` WHERE `status` = 1 AND `id` = 20 LIMIT 1   [ RunTime:0.0000s ]
NOTIC: [8] Undefined variable: v D:\techans\Runtime\Cache\Home\769e70f2e46f34ceb60619bbda5e4691.php 第 357 行.
SQL: SELECT * FROM `tc_document_product` WHERE `id` = null LIMIT 1   [ RunTime:0.0010s ]
SQL: SELECT * FROM `tc_picture` WHERE `status` = 1 AND `id` = 17 LIMIT 1   [ RunTime:0.0010s ]
NOTIC: [8] Undefined variable: v D:\techans\Runtime\Cache\Home\769e70f2e46f34ceb60619bbda5e4691.php 第 357 行.
SQL: SELECT * FROM `tc_document_product` WHERE `id` = null LIMIT 1   [ RunTime:0.0010s ]
SQL: SELECT * FROM `tc_picture` WHERE `status` = 1 AND `id` = 9 LIMIT 1   [ RunTime:0.0010s ]
NOTIC: [8] Undefined variable: v D:\techans\Runtime\Cache\Home\769e70f2e46f34ceb60619bbda5e4691.php 第 357 行.
SQL: SELECT * FROM `tc_document_product` WHERE `id` = null LIMIT 1   [ RunTime:0.0010s ]
SQL: SELECT * FROM `tc_picture` WHERE `status` = 1 AND `id` = 7 LIMIT 1   [ RunTime:0.0010s ]
NOTIC: [8] Undefined variable: v D:\techans\Runtime\Cache\Home\769e70f2e46f34ceb60619bbda5e4691.php 第 357 行.
SQL: SELECT * FROM `tc_document_product` WHERE `id` = null LIMIT 1   [ RunTime:0.0000s ]
SQL: SELECT * FROM `tc_picture` WHERE `status` = 1 AND `id` = 15 LIMIT 1   [ RunTime:0.0000s ]
NOTIC: [8] Undefined variable: v D:\techans\Runtime\Cache\Home\769e70f2e46f34ceb60619bbda5e4691.php 第 357 行.
SQL: SELECT * FROM `tc_document_product` WHERE `id` = null LIMIT 1   [ RunTime:0.0010s ]
SQL: SELECT * FROM `tc_picture` WHERE `status` = 1 AND `id` = 87 LIMIT 1   [ RunTime:0.0010s ]
SQL: SELECT * FROM `tc_picture` WHERE `status` = 1 AND `id` = 110 LIMIT 1   [ RunTime:0.0010s ]
NOTIC: [8] Undefined variable: v D:\techans\Runtime\Cache\Home\769e70f2e46f34ceb60619bbda5e4691.php 第 357 行.
SQL: SELECT * FROM `tc_document_product` WHERE `id` = null LIMIT 1   [ RunTime:0.0010s ]
SQL: SELECT * FROM `tc_picture` WHERE `status` = 1 AND `id` = 108 LIMIT 1   [ RunTime:0.0010s ]
NOTIC: [8] Undefined variable: v D:\techans\Runtime\Cache\Home\769e70f2e46f34ceb60619bbda5e4691.php 第 357 行.
SQL: SELECT * FROM `tc_document_product` WHERE `id` = null LIMIT 1   [ RunTime:0.0000s ]
SQL: SELECT * FROM `tc_picture` WHERE `status` = 1 AND `id` = 107 LIMIT 1   [ RunTime:0.0010s ]
NOTIC: [8] Undefined variable: v D:\techans\Runtime\Cache\Home\769e70f2e46f34ceb60619bbda5e4691.php 第 357 行.
SQL: SELECT * FROM `tc_document_product` WHERE `id` = null LIMIT 1   [ RunTime:0.0010s ]
SQL: SELECT * FROM `tc_picture` WHERE `status` = 1 AND `id` = 105 LIMIT 1   [ RunTime:0.0010s ]
NOTIC: [8] Undefined variable: v D:\techans\Runtime\Cache\Home\769e70f2e46f34ceb60619bbda5e4691.php 第 357 行.
SQL: SELECT * FROM `tc_document_product` WHERE `id` = null LIMIT 1   [ RunTime:0.0010s ]
SQL: SELECT * FROM `tc_picture` WHERE `status` = 1 AND `id` = 104 LIMIT 1   [ RunTime:0.0000s ]
NOTIC: [8] Undefined variable: v D:\techans\Runtime\Cache\Home\769e70f2e46f34ceb60619bbda5e4691.php 第 357 行.
SQL: SELECT * FROM `tc_document_product` WHERE `id` = null LIMIT 1   [ RunTime:0.0010s ]
SQL: SELECT * FROM `tc_picture` WHERE `status` = 1 AND `id` = 91 LIMIT 1   [ RunTime:0.0010s ]
NOTIC: [8] Undefined variable: v D:\techans\Runtime\Cache\Home\769e70f2e46f34ceb60619bbda5e4691.php 第 357 行.
SQL: SELECT * FROM `tc_document_product` WHERE `id` = null LIMIT 1   [ RunTime:0.0000s ]
SQL: SELECT * FROM `tc_picture` WHERE `status` = 1 AND `id` = 103 LIMIT 1   [ RunTime:0.0000s ]
NOTIC: [8] Undefined variable: v D:\techans\Runtime\Cache\Home\769e70f2e46f34ceb60619bbda5e4691.php 第 357 行.
SQL: SELECT * FROM `tc_document_product` WHERE `id` = null LIMIT 1   [ RunTime:0.0010s ]
SQL: SELECT * FROM `tc_picture` WHERE `status` = 1 AND `id` = 101 LIMIT 1   [ RunTime:0.0010s ]
NOTIC: [8] Undefined variable: v D:\techans\Runtime\Cache\Home\769e70f2e46f34ceb60619bbda5e4691.php 第 357 行.
SQL: SELECT * FROM `tc_document_product` WHERE `id` = null LIMIT 1   [ RunTime:0.0000s ]
SQL: SELECT * FROM `tc_picture` WHERE `status` = 1 AND `id` = 99 LIMIT 1   [ RunTime:0.0000s ]
NOTIC: [8] Undefined variable: v D:\techans\Runtime\Cache\Home\769e70f2e46f34ceb60619bbda5e4691.php 第 357 行.
SQL: SELECT * FROM `tc_document_product` WHERE `id` = null LIMIT 1   [ RunTime:0.0156s ]
SQL: SELECT * FROM `tc_picture` WHERE `status` = 1 AND `id` = 98 LIMIT 1   [ RunTime:0.0000s ]
NOTIC: [8] Undefined variable: v D:\techans\Runtime\Cache\Home\769e70f2e46f34ceb60619bbda5e4691.php 第 357 行.
SQL: SELECT * FROM `tc_document_product` WHERE `id` = null LIMIT 1   [ RunTime:0.0000s ]
SQL: SELECT * FROM `tc_picture` WHERE `status` = 1 AND `id` = 88 LIMIT 1   [ RunTime:0.0000s ]
SQL: SELECT * FROM `tc_picture` WHERE `status` = 1 AND `id` = 97 LIMIT 1   [ RunTime:0.0000s ]
NOTIC: [8] Undefined variable: v D:\techans\Runtime\Cache\Home\769e70f2e46f34ceb60619bbda5e4691.php 第 357 行.
SQL: SELECT * FROM `tc_document_product` WHERE `id` = null LIMIT 1   [ RunTime:0.0000s ]
SQL: SELECT * FROM `tc_picture` WHERE `status` = 1 AND `id` = 96 LIMIT 1   [ RunTime:0.0010s ]
NOTIC: [8] Undefined variable: v D:\techans\Runtime\Cache\Home\769e70f2e46f34ceb60619bbda5e4691.php 第 357 行.
SQL: SELECT * FROM `tc_document_product` WHERE `id` = null LIMIT 1   [ RunTime:0.0010s ]
SQL: SELECT * FROM `tc_picture` WHERE `status` = 1 AND `id` = 95 LIMIT 1   [ RunTime:0.0010s ]
NOTIC: [8] Undefined variable: v D:\techans\Runtime\Cache\Home\769e70f2e46f34ceb60619bbda5e4691.php 第 357 行.
SQL: SELECT * FROM `tc_document_product` WHERE `id` = null LIMIT 1   [ RunTime:0.0010s ]
SQL: SELECT * FROM `tc_picture` WHERE `status` = 1 AND `id` = 92 LIMIT 1   [ RunTime:0.0010s ]
NOTIC: [8] Undefined variable: v D:\techans\Runtime\Cache\Home\769e70f2e46f34ceb60619bbda5e4691.php 第 357 行.
SQL: SELECT * FROM `tc_document_product` WHERE `id` = null LIMIT 1   [ RunTime:0.0000s ]
SQL: SELECT * FROM `tc_picture` WHERE `status` = 1 AND `id` = 86 LIMIT 1   [ RunTime:0.0000s ]
SQL: SELECT * FROM `tc_picture` WHERE `status` = 1 AND `id` = 89 LIMIT 1   [ RunTime:0.0000s ]
NOTIC: [8] Undefined variable: v D:\techans\Runtime\Cache\Home\769e70f2e46f34ceb60619bbda5e4691.php 第 357 行.
SQL: SELECT * FROM `tc_document_product` WHERE `id` = null LIMIT 1   [ RunTime:0.0010s ]
SQL: SELECT * FROM `tc_picture` WHERE `status` = 1 AND `id` = 62 LIMIT 1   [ RunTime:0.0010s ]
SQL: SELECT * FROM `tc_picture` WHERE `status` = 1 AND `id` = 62 LIMIT 1   [ RunTime:0.0000s ]
SQL: SELECT * FROM `tc_picture` WHERE `status` = 1 AND `id` = 57 LIMIT 1   [ RunTime:0.0010s ]
SQL: SELECT * FROM `tc_picture` WHERE `status` = 1 AND `id` = 59 LIMIT 1   [ RunTime:0.0010s ]
SQL: SELECT * FROM `tc_picture` WHERE `status` = 1 AND `id` = 56 LIMIT 1   [ RunTime:0.0010s ]
SQL: SELECT * FROM `tc_picture` WHERE `status` = 1 AND `id` = 111 LIMIT 1   [ RunTime:0.0010s ]
NOTIC: [8] Undefined variable: v D:\techans\Runtime\Cache\Home\769e70f2e46f34ceb60619bbda5e4691.php 第 357 行.
SQL: SELECT * FROM `tc_document_product` WHERE `id` = null LIMIT 1   [ RunTime:0.0000s ]
NOTIC: [8] Undefined variable: url D:\techans\Runtime\Cache\Home\769e70f2e46f34ceb60619bbda5e4691.php 第 384 行.
INFO: Run Behavior\ParseTemplateBehavior [ RunTime:1.384471s ]
INFO: [ view_parse ] --END-- [ RunTime:1.386471s ]
INFO: [ view_filter ] --START--
INFO: Run Behavior\WriteHtmlCacheBehavior [ RunTime:0.002000s ]
INFO: [ view_filter ] --END-- [ RunTime:0.004000s ]
INFO: [ app_end ] --START--
INFO: Run Behavior\ShowPageTraceBehavior [ RunTime:0.001000s ]
INFO: [ app_end ] --END-- [ RunTime:0.003000s ]

[ 2015-07-03T10:56:04+08:00 ] 127.0.0.1 /
ERR: could not find driver

